Apache Maven 3.9.14 (996c630dbc656c76214ce58821dcc58be960875b)
Maven home: C:\ProgramData\chocolatey\lib\maven\apache-maven-3.9.14
Java version: 25.0.1, vendor: Eclipse Adoptium, runtime: C:\Program Files\Eclipse Adoptium\jdk-25.0.1.8-hotspot
Default locale: en_US, platform encoding: UTF-8
OS name: "windows 11", version: "10.0", arch: "amd64", family: "windows"
[DEBUG] Created new class realm maven.api
[DEBUG] Importing foreign packages into class realm maven.api
[DEBUG]   Imported: javax.annotation.* < plexus.core
[DEBUG]   Imported: javax.annotation.security.* < plexus.core
[DEBUG]   Imported: javax.inject.* < plexus.core
[DEBUG]   Imported: org.apache.maven.* < plexus.core
[DEBUG]   Imported: org.apache.maven.artifact < plexus.core
[DEBUG]   Imported: org.apache.maven.classrealm < plexus.core
[DEBUG]   Imported: org.apache.maven.cli < plexus.core
[DEBUG]   Imported: org.apache.maven.configuration < plexus.core
[DEBUG]   Imported: org.apache.maven.exception < plexus.core
[DEBUG]   Imported: org.apache.maven.execution < plexus.core
[DEBUG]   Imported: org.apache.maven.execution.scope < plexus.core
[DEBUG]   Imported: org.apache.maven.graph < plexus.core
[DEBUG]   Imported: org.apache.maven.lifecycle < plexus.core
[DEBUG]   Imported: org.apache.maven.model < plexus.core
[DEBUG]   Imported: org.apache.maven.monitor < plexus.core
[DEBUG]   Imported: org.apache.maven.plugin < plexus.core
[DEBUG]   Imported: org.apache.maven.profiles < plexus.core
[DEBUG]   Imported: org.apache.maven.project < plexus.core
[DEBUG]   Imported: org.apache.maven.reporting < plexus.core
[DEBUG]   Imported: org.apache.maven.repository < plexus.core
[DEBUG]   Imported: org.apache.maven.rtinfo < plexus.core
[DEBUG]   Imported: org.apache.maven.settings < plexus.core
[DEBUG]   Imported: org.apache.maven.toolchain < plexus.core
[DEBUG]   Imported: org.apache.maven.usability < plexus.core
[DEBUG]   Imported: org.apache.maven.wagon.* < plexus.core
[DEBUG]   Imported: org.apache.maven.wagon.authentication < plexus.core
[DEBUG]   Imported: org.apache.maven.wagon.authorization < plexus.core
[DEBUG]   Imported: org.apache.maven.wagon.events < plexus.core
[DEBUG]   Imported: org.apache.maven.wagon.observers < plexus.core
[DEBUG]   Imported: org.apache.maven.wagon.proxy < plexus.core
[DEBUG]   Imported: org.apache.maven.wagon.repository < plexus.core
[DEBUG]   Imported: org.apache.maven.wagon.resource < plexus.core
[DEBUG]   Imported: org.codehaus.classworlds < plexus.core
[DEBUG]   Imported: org.codehaus.plexus.* < plexus.core
[DEBUG]   Imported: org.codehaus.plexus.classworlds < plexus.core
[DEBUG]   Imported: org.codehaus.plexus.component < plexus.core
[DEBUG]   Imported: org.codehaus.plexus.configuration < plexus.core
[DEBUG]   Imported: org.codehaus.plexus.container < plexus.core
[DEBUG]   Imported: org.codehaus.plexus.context < plexus.core
[DEBUG]   Imported: org.codehaus.plexus.lifecycle < plexus.core
[DEBUG]   Imported: org.codehaus.plexus.logging < plexus.core
[DEBUG]   Imported: org.codehaus.plexus.personality < plexus.core
[DEBUG]   Imported: org.codehaus.plexus.util.xml.Xpp3Dom < plexus.core
[DEBUG]   Imported: org.codehaus.plexus.util.xml.pull.XmlPullParser < plexus.core
[DEBUG]   Imported: org.codehaus.plexus.util.xml.pull.XmlPullParserException < plexus.core
[DEBUG]   Imported: org.codehaus.plexus.util.xml.pull.XmlSerializer < plexus.core
[DEBUG]   Imported: org.eclipse.aether.* < plexus.core
[DEBUG]   Imported: org.eclipse.aether.artifact < plexus.core
[DEBUG]   Imported: org.eclipse.aether.collection < plexus.core
[DEBUG]   Imported: org.eclipse.aether.deployment < plexus.core
[DEBUG]   Imported: org.eclipse.aether.graph < plexus.core
[DEBUG]   Imported: org.eclipse.aether.impl < plexus.core
[DEBUG]   Imported: org.eclipse.aether.installation < plexus.core
[DEBUG]   Imported: org.eclipse.aether.internal.impl < plexus.core
[DEBUG]   Imported: org.eclipse.aether.metadata < plexus.core
[DEBUG]   Imported: org.eclipse.aether.repository < plexus.core
[DEBUG]   Imported: org.eclipse.aether.resolution < plexus.core
[DEBUG]   Imported: org.eclipse.aether.spi < plexus.core
[DEBUG]   Imported: org.eclipse.aether.transfer < plexus.core
[DEBUG]   Imported: org.eclipse.aether.util < plexus.core
[DEBUG]   Imported: org.eclipse.aether.version < plexus.core
[DEBUG]   Imported: org.fusesource.jansi.* < plexus.core
[DEBUG]   Imported: org.slf4j.* < plexus.core
[DEBUG]   Imported: org.slf4j.event.* < plexus.core
[DEBUG]   Imported: org.slf4j.helpers.* < plexus.core
[DEBUG]   Imported: org.slf4j.spi.* < plexus.core
[DEBUG] Populating class realm maven.api
[DEBUG] Created adapter factory; available factories [file-lock, rwlock-local, semaphore-local, noop]; available name mappers [discriminating, file-gaecv, file-gav, file-hgaecv, file-hgav, file-static, gaecv, gav, static]
[INFO] Error stacktraces are turned on.
[DEBUG] Message scheme: color
[DEBUG] Message styles: debug info warning error success failure strong mojo project
[DEBUG] Reading global settings from C:\ProgramData\chocolatey\lib\maven\apache-maven-3.9.14\conf\settings.xml
[DEBUG] Reading user settings from C:\Users\user\.m2\settings.xml
[DEBUG] Reading global toolchains from C:\ProgramData\chocolatey\lib\maven\apache-maven-3.9.14\conf\toolchains.xml
[DEBUG] Reading user toolchains from C:\Users\user\.m2\toolchains.xml
[DEBUG] Using local repository at C:\Users\user\.m2\repository
[DEBUG] Using manager EnhancedLocalRepositoryManager with priority 10.0 for C:\Users\user\.m2\repository
[INFO] Scanning for projects...
[DEBUG] Creating adapter using nameMapper 'gaecv' and factory 'rwlock-local'
[DEBUG] Extension realms for project bg.tid:iec104-data-concentrator:jar:0.0.1-SNAPSHOT: (none)
[DEBUG] Looking up lifecycle mappings for packaging jar from ClassRealm[plexus.core, parent: null]
[DEBUG] Extension realms for project org.springframework.boot:spring-boot-starter-parent:pom:3.3.4: (none)
[DEBUG] Looking up lifecycle mappings for packaging pom from ClassRealm[plexus.core, parent: null]
[DEBUG] Extension realms for project org.springframework.boot:spring-boot-dependencies:pom:3.3.4: (none)
[DEBUG] Looking up lifecycle mappings for packaging pom from ClassRealm[plexus.core, parent: null]
[DEBUG] === REACTOR BUILD PLAN ================================================
[DEBUG] Project: bg.tid:iec104-data-concentrator:jar:0.0.1-SNAPSHOT
[DEBUG] Tasks:   [compile]
[DEBUG] Style:   Regular
[DEBUG] =======================================================================
[INFO] 
[INFO] ------------------< bg.tid:iec104-data-concentrator >-------------------
[INFO] Building iec104-data-concentrator 0.0.1-SNAPSHOT
[INFO]   from pom.xml
[INFO] --------------------------------[ jar ]---------------------------------
[DEBUG] Lifecycle clean -> [pre-clean, clean, post-clean]
[DEBUG] Lifecycle default -> [validate, initialize, generate-sources, process-sources, generate-resources, process-resources, compile, process-classes, generate-test-sources, process-test-sources, generate-test-resources, process-test-resources, test-compile, process-test-classes, test, prepare-package, package, pre-integration-test, integration-test, post-integration-test, verify, install, deploy]
[DEBUG] Lifecycle site -> [pre-site, site, post-site, site-deploy]
[DEBUG] Lifecycle clean -> [pre-clean, clean, post-clean]
[DEBUG] Lifecycle default -> [validate, initialize, generate-sources, process-sources, generate-resources, process-resources, compile, process-classes, generate-test-sources, process-test-sources, generate-test-resources, process-test-resources, test-compile, process-test-classes, test, prepare-package, package, pre-integration-test, integration-test, post-integration-test, verify, install, deploy]
[DEBUG] Lifecycle site -> [pre-site, site, post-site, site-deploy]
[DEBUG] Lifecycle clean -> [pre-clean, clean, post-clean]
[DEBUG] Lifecycle default -> [validate, initialize, generate-sources, process-sources, generate-resources, process-resources, compile, process-classes, generate-test-sources, process-test-sources, generate-test-resources, process-test-resources, test-compile, process-test-classes, test, prepare-package, package, pre-integration-test, integration-test, post-integration-test, verify, install, deploy]
[DEBUG] Lifecycle site -> [pre-site, site, post-site, site-deploy]
[DEBUG] === PROJECT BUILD PLAN ================================================
[DEBUG] Project:       bg.tid:iec104-data-concentrator:0.0.1-SNAPSHOT
[DEBUG] Dependencies (collect): []
[DEBUG] Dependencies (resolve): [compile]
[DEBUG] Repositories (dependencies): [central (https://repo.maven.apache.org/maven2, default, releases)]
[DEBUG] Repositories (plugins)     : [central (https://repo.maven.apache.org/maven2, default, releases)]
[DEBUG] -----------------------------------------------------------------------
[DEBUG] Goal:          org.apache.maven.plugins:maven-resources-plugin:3.3.1:resources (default-resources)
[DEBUG] Style:         Regular
[DEBUG] Configuration: <?xml version="1.0" encoding="UTF-8"?>
<configuration>
  <addDefaultExcludes default-value="true"/>
  <buildFilters default-value="${project.build.filters}"/>
  <delimiters>
    <delimiter>@</delimiter>
  </delimiters>
  <encoding default-value="${project.build.sourceEncoding}"/>
  <escapeWindowsPaths default-value="true"/>
  <fileNameFiltering default-value="false"/>
  <includeEmptyDirs default-value="false"/>
  <outputDirectory default-value="${project.build.outputDirectory}"/>
  <overwrite default-value="false"/>
  <project default-value="${project}"/>
  <propertiesEncoding>UTF-8</propertiesEncoding>
  <resources default-value="${project.resources}"/>
  <session default-value="${session}"/>
  <skip default-value="false">${maven.resources.skip}</skip>
  <supportMultiLineFiltering default-value="false"/>
  <useBuildFilters default-value="true"/>
  <useDefaultDelimiters default-value="true">false</useDefaultDelimiters>
</configuration>
[DEBUG] -----------------------------------------------------------------------
[DEBUG] Goal:          org.apache.maven.plugins:maven-compiler-plugin:3.13.0:compile (default-compile)
[DEBUG] Style:         Regular
[DEBUG] Configuration: <?xml version="1.0" encoding="UTF-8"?>
<configuration>
  <annotationProcessorPathsUseDepMgmt default-value="false"/>
  <basedir default-value="${basedir}"/>
  <buildDirectory default-value="${project.build.directory}"/>
  <compilePath default-value="${project.compileClasspathElements}"/>
  <compileSourceRoots default-value="${project.compileSourceRoots}"/>
  <compilerId default-value="javac">${maven.compiler.compilerId}</compilerId>
  <compilerReuseStrategy default-value="${reuseCreated}">${maven.compiler.compilerReuseStrategy}</compilerReuseStrategy>
  <compilerVersion>${maven.compiler.compilerVersion}</compilerVersion>
  <createMissingPackageInfoClass default-value="true">${maven.compiler.createMissingPackageInfoClass}</createMissingPackageInfoClass>
  <debug default-value="true">${maven.compiler.debug}</debug>
  <debugFileName default-value="javac"/>
  <debuglevel>${maven.compiler.debuglevel}</debuglevel>
  <enablePreview default-value="false">${maven.compiler.enablePreview}</enablePreview>
  <encoding default-value="${project.build.sourceEncoding}">${encoding}</encoding>
  <executable>${maven.compiler.executable}</executable>
  <failOnError default-value="true">${maven.compiler.failOnError}</failOnError>
  <failOnWarning default-value="false">${maven.compiler.failOnWarning}</failOnWarning>
  <fileExtensions default-value="class,jar"/>
  <forceJavacCompilerUse default-value="false">${maven.compiler.forceJavacCompilerUse}</forceJavacCompilerUse>
  <forceLegacyJavacApi default-value="false">${maven.compiler.forceLegacyJavacApi}</forceLegacyJavacApi>
  <fork default-value="false">${maven.compiler.fork}</fork>
  <generatedSourcesDirectory default-value="${project.build.directory}/generated-sources/annotations"/>
  <implicit>${maven.compiler.implicit}</implicit>
  <maxmem>${maven.compiler.maxmem}</maxmem>
  <meminitial>${maven.compiler.meminitial}</meminitial>
  <mojoExecution default-value="${mojoExecution}"/>
  <optimize default-value="false">${maven.compiler.optimize}</optimize>
  <outputDirectory default-value="${project.build.outputDirectory}">${maven.compiler.outputDirectory}</outputDirectory>
  <outputTimestamp default-value="${project.build.outputTimestamp}"/>
  <parameters default-value="false">true</parameters>
  <proc>${maven.compiler.proc}</proc>
  <project default-value="${project}"/>
  <projectArtifact default-value="${project.artifact}"/>
  <release>${maven.compiler.release}</release>
  <session default-value="${session}"/>
  <showCompilationChanges default-value="false">${maven.compiler.showCompilationChanges}</showCompilationChanges>
  <showDeprecation default-value="false">${maven.compiler.showDeprecation}</showDeprecation>
  <showWarnings default-value="true">${maven.compiler.showWarnings}</showWarnings>
  <skipMain>${maven.main.skip}</skipMain>
  <skipMultiThreadWarning default-value="false">${maven.compiler.skipMultiThreadWarning}</skipMultiThreadWarning>
  <source default-value="1.8">${maven.compiler.source}</source>
  <staleMillis default-value="0">${lastModGranularityMs}</staleMillis>
  <target default-value="1.8">${maven.compiler.target}</target>
  <useIncrementalCompilation default-value="true">${maven.compiler.useIncrementalCompilation}</useIncrementalCompilation>
  <verbose default-value="false">${maven.compiler.verbose}</verbose>
</configuration>
[DEBUG] =======================================================================
[DEBUG] Using mirror maven-default-http-blocker (http://0.0.0.0/) for apache.snapshots (http://repository.apache.org/snapshots).
[DEBUG] Could not find metadata bg.tid:grid-one-shared:0.0.1-SNAPSHOT/maven-metadata.xml in local (C:\Users\user\.m2\repository)
[DEBUG] Could not find metadata bg.tid:grid-one-shared:0.0.1-SNAPSHOT/maven-metadata.xml in local (C:\Users\user\.m2\repository)
[DEBUG] Resolving artifact bg.tid:grid-one-shared:pom:0.0.1-SNAPSHOT from [central (https://repo.maven.apache.org/maven2, default, releases)]
[WARNING] The POM for bg.tid:grid-one-shared:jar:0.0.1-SNAPSHOT is missing, no dependency information available
[DEBUG] Using mirror maven-default-http-blocker (http://0.0.0.0/) for vaadin-snapshots (http://oss.sonatype.org/content/repositories/vaadin-snapshots/).
[DEBUG] Using mirror maven-default-http-blocker (http://0.0.0.0/) for vaadin-releases (http://oss.sonatype.org/content/repositories/vaadin-releases/).
[DEBUG] Dependency collection stats {ConflictMarker.analyzeTime=691400, ConflictMarker.markTime=177900, ConflictMarker.nodeCount=234, ConflictIdSorter.graphTime=488200, ConflictIdSorter.topsortTime=201700, ConflictIdSorter.conflictIdCount=113, ConflictIdSorter.conflictIdCycleCount=0, ConflictResolver.totalTime=4714200, ConflictResolver.conflictItemCount=230, DfDependencyCollector.collectTime=244565300, DfDependencyCollector.transformTime=7222100}
[DEBUG] bg.tid:iec104-data-concentrator:jar:0.0.1-SNAPSHOT
[DEBUG]    org.springframework.boot:spring-boot-starter:jar:3.3.4:compile
[DEBUG]       org.springframework.boot:spring-boot:jar:3.3.4:compile (version managed from 3.3.4)
[DEBUG]          org.springframework:spring-context:jar:6.1.13:compile (version managed from 6.1.13)
[DEBUG]       org.springframework.boot:spring-boot-autoconfigure:jar:3.3.4:compile (version managed from 3.3.4)
[DEBUG]       org.springframework.boot:spring-boot-starter-logging:jar:3.3.4:compile (version managed from 3.3.4)
[DEBUG]          ch.qos.logback:logback-classic:jar:1.5.8:compile (version managed from 1.5.8)
[DEBUG]             ch.qos.logback:logback-core:jar:1.5.8:compile (version managed from 1.5.8)
[DEBUG]          org.apache.logging.log4j:log4j-to-slf4j:jar:2.23.1:compile (version managed from 2.23.1)
[DEBUG]             org.apache.logging.log4j:log4j-api:jar:2.23.1:compile (version managed from 2.23.1)
[DEBUG]          org.slf4j:jul-to-slf4j:jar:2.0.16:compile (version managed from 2.0.16)
[DEBUG]       jakarta.annotation:jakarta.annotation-api:jar:2.1.1:compile (version managed from 2.1.1)
[DEBUG]       org.springframework:spring-core:jar:6.1.13:compile (version managed from 6.1.13)
[DEBUG]          org.springframework:spring-jcl:jar:6.1.13:compile (version managed from 6.1.13)
[DEBUG]       org.yaml:snakeyaml:jar:2.2:compile (version managed from 2.2)
[DEBUG]    de.codecentric:spring-boot-admin-starter-client:jar:3.3.4:compile
[DEBUG]       de.codecentric:spring-boot-admin-client:jar:3.3.4:compile (version managed from 3.3.4)
[DEBUG]    org.openmuc:j60870:jar:1.7.2:compile
[DEBUG]    org.apache.commons:commons-jexl3:jar:3.3:compile
[DEBUG]       commons-logging:commons-logging:jar:1.2:compile
[DEBUG]    org.java-websocket:Java-WebSocket:jar:1.5.6:compile
[DEBUG]       org.slf4j:slf4j-api:jar:2.0.16:compile (version managed from 2.0.6)
[DEBUG]    org.json:json:jar:20240303:compile
[DEBUG]    org.springframework.boot:spring-boot-starter-actuator:jar:3.3.4:compile
[DEBUG]       org.springframework.boot:spring-boot-actuator-autoconfigure:jar:3.3.4:compile (version managed from 3.3.4)
[DEBUG]          org.springframework.boot:spring-boot-actuator:jar:3.3.4:compile (version managed from 3.3.4)
[DEBUG]          com.fasterxml.jackson.core:jackson-databind:jar:2.17.2:compile (version managed from 2.17.2)
[DEBUG]             com.fasterxml.jackson.core:jackson-annotations:jar:2.17.2:compile (version managed from 2.17.2)
[DEBUG]             com.fasterxml.jackson.core:jackson-core:jar:2.17.2:compile (version managed from 2.17.2)
[DEBUG]          com.fasterxml.jackson.datatype:jackson-datatype-jsr310:jar:2.17.2:compile (version managed from 2.17.2)
[DEBUG]       io.micrometer:micrometer-observation:jar:1.13.4:compile (version managed from 1.13.4)
[DEBUG]          io.micrometer:micrometer-commons:jar:1.13.4:compile (version managed from 1.13.4)
[DEBUG]       io.micrometer:micrometer-jakarta9:jar:1.13.4:compile (version managed from 1.13.4)
[DEBUG]          io.micrometer:micrometer-core:jar:1.13.4:compile (version managed from 1.13.4)
[DEBUG]             org.hdrhistogram:HdrHistogram:jar:2.2.2:runtime
[DEBUG]             org.latencyutils:LatencyUtils:jar:2.0.3:runtime
[DEBUG]    org.modelmapper:modelmapper:jar:3.2.0:compile
[DEBUG]    org.postgresql:postgresql:jar:42.7.4:runtime
[DEBUG]       org.checkerframework:checker-qual:jar:3.42.0:runtime
[DEBUG]    bg.tid:grid-one-shared:jar:0.0.1-SNAPSHOT:compile
[DEBUG]    org.springframework.boot:spring-boot-starter-data-jpa:jar:3.3.4:compile
[DEBUG]       org.springframework.boot:spring-boot-starter-aop:jar:3.3.4:compile (version managed from 3.3.4)
[DEBUG]          org.aspectj:aspectjweaver:jar:1.9.22.1:compile (version managed from 1.9.22.1)
[DEBUG]       org.springframework.boot:spring-boot-starter-jdbc:jar:3.3.4:compile (version managed from 3.3.4)
[DEBUG]          com.zaxxer:HikariCP:jar:5.1.0:compile (version managed from 5.1.0)
[DEBUG]          org.springframework:spring-jdbc:jar:6.1.13:compile (version managed from 6.1.13)
[DEBUG]       org.hibernate.orm:hibernate-core:jar:6.5.3.Final:compile (version managed from 6.5.3.Final)
[DEBUG]          jakarta.persistence:jakarta.persistence-api:jar:3.1.0:compile (version managed from 3.1.0)
[DEBUG]          jakarta.transaction:jakarta.transaction-api:jar:2.0.1:compile (version managed from 2.0.1)
[DEBUG]          org.jboss.logging:jboss-logging:jar:3.5.3.Final:runtime (version managed from 3.5.0.Final)
[DEBUG]          org.hibernate.common:hibernate-commons-annotations:jar:6.0.6.Final:runtime
[DEBUG]          io.smallrye:jandex:jar:3.1.2:runtime
[DEBUG]          com.fasterxml:classmate:jar:1.7.0:runtime (version managed from 1.5.1)
[DEBUG]          net.bytebuddy:byte-buddy:jar:1.14.19:runtime (version managed from 1.14.15)
[DEBUG]          org.glassfish.jaxb:jaxb-runtime:jar:4.0.5:runtime (version managed from 4.0.2)
[DEBUG]             org.glassfish.jaxb:jaxb-core:jar:4.0.5:runtime (version managed from 4.0.5)
[DEBUG]                org.eclipse.angus:angus-activation:jar:2.0.2:runtime (version managed from 2.0.2)
[DEBUG]                org.glassfish.jaxb:txw2:jar:4.0.5:runtime (version managed from 4.0.5)
[DEBUG]                com.sun.istack:istack-commons-runtime:jar:4.1.2:runtime (version managed from 4.1.2)
[DEBUG]          jakarta.inject:jakarta.inject-api:jar:2.0.1:runtime (version managed from 2.0.1)
[DEBUG]          org.antlr:antlr4-runtime:jar:4.13.0:compile
[DEBUG]       org.springframework.data:spring-data-jpa:jar:3.3.4:compile (version managed from 3.3.4)
[DEBUG]          org.springframework.data:spring-data-commons:jar:3.3.4:compile (version managed from 3.3.4)
[DEBUG]          org.springframework:spring-orm:jar:6.1.13:compile (version managed from 6.1.13)
[DEBUG]          org.springframework:spring-tx:jar:6.1.13:compile (version managed from 6.1.13)
[DEBUG]          org.springframework:spring-beans:jar:6.1.13:compile (version managed from 6.1.13)
[DEBUG]       org.springframework:spring-aspects:jar:6.1.13:compile (version managed from 6.1.13)
[DEBUG]    org.springframework.boot:spring-boot-starter-security:jar:3.3.4:compile
[DEBUG]       org.springframework:spring-aop:jar:6.1.13:compile (version managed from 6.1.13)
[DEBUG]       org.springframework.security:spring-security-config:jar:6.3.3:compile (version managed from 6.3.3)
[DEBUG]          org.springframework.security:spring-security-core:jar:6.3.3:compile (version managed from 6.3.3)
[DEBUG]             org.springframework.security:spring-security-crypto:jar:6.3.3:compile (version managed from 6.3.3)
[DEBUG]       org.springframework.security:spring-security-web:jar:6.3.3:compile (version managed from 6.3.3)
[DEBUG]          org.springframework:spring-expression:jar:6.1.13:compile (version managed from 6.1.12)
[DEBUG]    org.springframework.boot:spring-boot-starter-web:jar:3.3.4:compile
[DEBUG]       org.springframework.boot:spring-boot-starter-json:jar:3.3.4:compile (version managed from 3.3.4)
[DEBUG]          com.fasterxml.jackson.datatype:jackson-datatype-jdk8:jar:2.17.2:compile (version managed from 2.17.2)
[DEBUG]          com.fasterxml.jackson.module:jackson-module-parameter-names:jar:2.17.2:compile (version managed from 2.17.2)
[DEBUG]       org.springframework.boot:spring-boot-starter-tomcat:jar:3.3.4:compile (version managed from 3.3.4)
[DEBUG]          org.apache.tomcat.embed:tomcat-embed-core:jar:10.1.30:compile (version managed from 10.1.30)
[DEBUG]          org.apache.tomcat.embed:tomcat-embed-el:jar:10.1.30:compile (version managed from 10.1.30)
[DEBUG]          org.apache.tomcat.embed:tomcat-embed-websocket:jar:10.1.30:compile (version managed from 10.1.30)
[DEBUG]       org.springframework:spring-web:jar:6.1.13:compile (version managed from 6.1.13)
[DEBUG]       org.springframework:spring-webmvc:jar:6.1.13:compile (version managed from 6.1.13)
[DEBUG]    org.slf4j:jcl-over-slf4j:jar:2.0.16:compile
[DEBUG]    org.projectlombok:lombok:jar:1.18.34:compile (optional)
[DEBUG]    org.springframework.boot:spring-boot-starter-test:jar:3.3.4:test
[DEBUG]       org.springframework.boot:spring-boot-test:jar:3.3.4:test (version managed from 3.3.4)
[DEBUG]       org.springframework.boot:spring-boot-test-autoconfigure:jar:3.3.4:test (version managed from 3.3.4)
[DEBUG]       com.jayway.jsonpath:json-path:jar:2.9.0:test (version managed from 2.9.0)
[DEBUG]       jakarta.xml.bind:jakarta.xml.bind-api:jar:4.0.2:runtime (version managed from 4.0.2)
[DEBUG]          jakarta.activation:jakarta.activation-api:jar:2.1.3:runtime (version managed from 2.1.3)
[DEBUG]       net.minidev:json-smart:jar:2.5.1:test (version managed from 2.5.1)
[DEBUG]          net.minidev:accessors-smart:jar:2.5.1:test
[DEBUG]             org.ow2.asm:asm:jar:9.6:test
[DEBUG]       org.assertj:assertj-core:jar:3.25.3:test (version managed from 3.25.3)
[DEBUG]       org.awaitility:awaitility:jar:4.2.2:test (version managed from 4.2.2)
[DEBUG]       org.hamcrest:hamcrest:jar:2.2:test (version managed from 2.2)
[DEBUG]       org.junit.jupiter:junit-jupiter:jar:5.10.3:test (version managed from 5.10.3)
[DEBUG]          org.junit.jupiter:junit-jupiter-api:jar:5.10.3:test (version managed from 5.10.3)
[DEBUG]             org.opentest4j:opentest4j:jar:1.3.0:test
[DEBUG]             org.junit.platform:junit-platform-commons:jar:1.10.3:test (version managed from 1.10.3)
[DEBUG]             org.apiguardian:apiguardian-api:jar:1.1.2:test
[DEBUG]          org.junit.jupiter:junit-jupiter-params:jar:5.10.3:test (version managed from 5.10.3)
[DEBUG]          org.junit.jupiter:junit-jupiter-engine:jar:5.10.3:test (version managed from 5.10.3)
[DEBUG]             org.junit.platform:junit-platform-engine:jar:1.10.3:test (version managed from 1.10.3)
[DEBUG]       org.mockito:mockito-core:jar:5.11.0:test (version managed from 5.11.0)
[DEBUG]          net.bytebuddy:byte-buddy-agent:jar:1.14.19:test (version managed from 1.14.12)
[DEBUG]          org.objenesis:objenesis:jar:3.3:test
[DEBUG]       org.mockito:mockito-junit-jupiter:jar:5.11.0:test (version managed from 5.11.0)
[DEBUG]       org.skyscreamer:jsonassert:jar:1.5.3:test (version managed from 1.5.3)
[DEBUG]          com.vaadin.external.google:android-json:jar:0.0.20131108.vaadin1:test
[DEBUG]       org.springframework:spring-test:jar:6.1.13:test (version managed from 6.1.13)
[DEBUG]       org.xmlunit:xmlunit-core:jar:2.9.1:test (version managed from 2.9.1)
[DEBUG] Resolving artifact bg.tid:grid-one-shared:jar:0.0.1-SNAPSHOT from [central (https://repo.maven.apache.org/maven2, default, releases)]
[INFO] ------------------------------------------------------------------------
[INFO] BUILD FAILURE
[INFO] ------------------------------------------------------------------------
[INFO] Total time:  0.530 s
[INFO] Finished at: 2026-03-19T19:14:43+02:00
[INFO] ------------------------------------------------------------------------
[ERROR] Failed to execute goal on project iec104-data-concentrator: Could not resolve dependencies for project bg.tid:iec104-data-concentrator:jar:0.0.1-SNAPSHOT
[ERROR] dependency: bg.tid:grid-one-shared:jar:0.0.1-SNAPSHOT (compile)
[ERROR] 	Could not find artifact bg.tid:grid-one-shared:jar:0.0.1-SNAPSHOT
[ERROR] : The following artifacts could not be resolved: bg.tid:grid-one-shared:jar:0.0.1-SNAPSHOT (absent): Could not find artifact bg.tid:grid-one-shared:jar:0.0.1-SNAPSHOT
[ERROR] -> [Help 1]
org.apache.maven.lifecycle.LifecycleExecutionException: Failed to execute goal on project iec104-data-concentrator: Could not resolve dependencies for project bg.tid:iec104-data-concentrator:jar:0.0.1-SNAPSHOT
dependency: bg.tid:grid-one-shared:jar:0.0.1-SNAPSHOT (compile)
	Could not find artifact bg.tid:grid-one-shared:jar:0.0.1-SNAPSHOT

    at org.apache.maven.lifecycle.internal.LifecycleDependencyResolver.getDependencies (LifecycleDependencyResolver.java:246)
    at org.apache.maven.lifecycle.internal.LifecycleDependencyResolver.resolveProjectDependencies (LifecycleDependencyResolver.java:136)
    at org.apache.maven.lifecycle.internal.MojoExecutor.ensureDependenciesAreResolved (MojoExecutor.java:355)
    at org.apache.maven.lifecycle.internal.MojoExecutor.doExecute (MojoExecutor.java:314)
    at org.apache.maven.lifecycle.internal.MojoExecutor.execute (MojoExecutor.java:212)
    at org.apache.maven.lifecycle.internal.MojoExecutor.execute (MojoExecutor.java:174)
    at org.apache.maven.lifecycle.internal.MojoExecutor.access$000 (MojoExecutor.java:75)
    at org.apache.maven.lifecycle.internal.MojoExecutor$1.run (MojoExecutor.java:162)
    at org.apache.maven.plugin.DefaultMojosExecutionStrategy.execute (DefaultMojosExecutionStrategy.java:39)
    at org.apache.maven.lifecycle.internal.MojoExecutor.execute (MojoExecutor.java:159)
    at org.apache.maven.lifecycle.internal.LifecycleModuleBuilder.buildProject (LifecycleModuleBuilder.java:105)
    at org.apache.maven.lifecycle.internal.LifecycleModuleBuilder.buildProject (LifecycleModuleBuilder.java:73)
    at org.apache.maven.lifecycle.internal.builder.singlethreaded.SingleThreadedBuilder.build (SingleThreadedBuilder.java:53)
    at org.apache.maven.lifecycle.internal.LifecycleStarter.execute (LifecycleStarter.java:118)
    at org.apache.maven.DefaultMaven.doExecute (DefaultMaven.java:261)
    at org.apache.maven.DefaultMaven.doExecute (DefaultMaven.java:173)
    at org.apache.maven.DefaultMaven.execute (DefaultMaven.java:101)
    at org.apache.maven.cli.MavenCli.execute (MavenCli.java:919)
    at org.apache.maven.cli.MavenCli.doMain (MavenCli.java:285)
    at org.apache.maven.cli.MavenCli.main (MavenCli.java:207)
    at jdk.internal.reflect.DirectMethodHandleAccessor.invoke (DirectMethodHandleAccessor.java:104)
    at java.lang.reflect.Method.invoke (Method.java:565)
    at org.codehaus.plexus.classworlds.launcher.Launcher.launchEnhanced (Launcher.java:255)
    at org.codehaus.plexus.classworlds.launcher.Launcher.launch (Launcher.java:201)
    at org.codehaus.plexus.classworlds.launcher.Launcher.mainWithExitCode (Launcher.java:361)
    at org.codehaus.plexus.classworlds.launcher.Launcher.main (Launcher.java:314)
Caused by: org.apache.maven.project.DependencyResolutionException: Could not resolve dependencies for project bg.tid:iec104-data-concentrator:jar:0.0.1-SNAPSHOT
dependency: bg.tid:grid-one-shared:jar:0.0.1-SNAPSHOT (compile)
	Could not find artifact bg.tid:grid-one-shared:jar:0.0.1-SNAPSHOT

    at org.apache.maven.project.DefaultProjectDependenciesResolver.resolve (DefaultProjectDependenciesResolver.java:191)
    at org.apache.maven.lifecycle.internal.LifecycleDependencyResolver.getDependencies (LifecycleDependencyResolver.java:227)
    at org.apache.maven.lifecycle.internal.LifecycleDependencyResolver.resolveProjectDependencies (LifecycleDependencyResolver.java:136)
    at org.apache.maven.lifecycle.internal.MojoExecutor.ensureDependenciesAreResolved (MojoExecutor.java:355)
    at org.apache.maven.lifecycle.internal.MojoExecutor.doExecute (MojoExecutor.java:314)
    at org.apache.maven.lifecycle.internal.MojoExecutor.execute (MojoExecutor.java:212)
    at org.apache.maven.lifecycle.internal.MojoExecutor.execute (MojoExecutor.java:174)
    at org.apache.maven.lifecycle.internal.MojoExecutor.access$000 (MojoExecutor.java:75)
    at org.apache.maven.lifecycle.internal.MojoExecutor$1.run (MojoExecutor.java:162)
    at org.apache.maven.plugin.DefaultMojosExecutionStrategy.execute (DefaultMojosExecutionStrategy.java:39)
    at org.apache.maven.lifecycle.internal.MojoExecutor.execute (MojoExecutor.java:159)
    at org.apache.maven.lifecycle.internal.LifecycleModuleBuilder.buildProject (LifecycleModuleBuilder.java:105)
    at org.apache.maven.lifecycle.internal.LifecycleModuleBuilder.buildProject (LifecycleModuleBuilder.java:73)
    at org.apache.maven.lifecycle.internal.builder.singlethreaded.SingleThreadedBuilder.build (SingleThreadedBuilder.java:53)
    at org.apache.maven.lifecycle.internal.LifecycleStarter.execute (LifecycleStarter.java:118)
    at org.apache.maven.DefaultMaven.doExecute (DefaultMaven.java:261)
    at org.apache.maven.DefaultMaven.doExecute (DefaultMaven.java:173)
    at org.apache.maven.DefaultMaven.execute (DefaultMaven.java:101)
    at org.apache.maven.cli.MavenCli.execute (MavenCli.java:919)
    at org.apache.maven.cli.MavenCli.doMain (MavenCli.java:285)
    at org.apache.maven.cli.MavenCli.main (MavenCli.java:207)
    at jdk.internal.reflect.DirectMethodHandleAccessor.invoke (DirectMethodHandleAccessor.java:104)
    at java.lang.reflect.Method.invoke (Method.java:565)
    at org.codehaus.plexus.classworlds.launcher.Launcher.launchEnhanced (Launcher.java:255)
    at org.codehaus.plexus.classworlds.launcher.Launcher.launch (Launcher.java:201)
    at org.codehaus.plexus.classworlds.launcher.Launcher.mainWithExitCode (Launcher.java:361)
    at org.codehaus.plexus.classworlds.launcher.Launcher.main (Launcher.java:314)
Caused by: org.eclipse.aether.resolution.DependencyResolutionException: The following artifacts could not be resolved: bg.tid:grid-one-shared:jar:0.0.1-SNAPSHOT (absent): Could not find artifact bg.tid:grid-one-shared:jar:0.0.1-SNAPSHOT
    at org.eclipse.aether.internal.impl.DefaultRepositorySystem.resolveDependencies (DefaultRepositorySystem.java:365)
    at org.apache.maven.project.DefaultProjectDependenciesResolver.resolve (DefaultProjectDependenciesResolver.java:184)
    at org.apache.maven.lifecycle.internal.LifecycleDependencyResolver.getDependencies (LifecycleDependencyResolver.java:227)
    at org.apache.maven.lifecycle.internal.LifecycleDependencyResolver.resolveProjectDependencies (LifecycleDependencyResolver.java:136)
    at org.apache.maven.lifecycle.internal.MojoExecutor.ensureDependenciesAreResolved (MojoExecutor.java:355)
    at org.apache.maven.lifecycle.internal.MojoExecutor.doExecute (MojoExecutor.java:314)
    at org.apache.maven.lifecycle.internal.MojoExecutor.execute (MojoExecutor.java:212)
    at org.apache.maven.lifecycle.internal.MojoExecutor.execute (MojoExecutor.java:174)
    at org.apache.maven.lifecycle.internal.MojoExecutor.access$000 (MojoExecutor.java:75)
    at org.apache.maven.lifecycle.internal.MojoExecutor$1.run (MojoExecutor.java:162)
    at org.apache.maven.plugin.DefaultMojosExecutionStrategy.execute (DefaultMojosExecutionStrategy.java:39)
    at org.apache.maven.lifecycle.internal.MojoExecutor.execute (MojoExecutor.java:159)
    at org.apache.maven.lifecycle.internal.LifecycleModuleBuilder.buildProject (LifecycleModuleBuilder.java:105)
    at org.apache.maven.lifecycle.internal.LifecycleModuleBuilder.buildProject (LifecycleModuleBuilder.java:73)
    at org.apache.maven.lifecycle.internal.builder.singlethreaded.SingleThreadedBuilder.build (SingleThreadedBuilder.java:53)
    at org.apache.maven.lifecycle.internal.LifecycleStarter.execute (LifecycleStarter.java:118)
    at org.apache.maven.DefaultMaven.doExecute (DefaultMaven.java:261)
    at org.apache.maven.DefaultMaven.doExecute (DefaultMaven.java:173)
    at org.apache.maven.DefaultMaven.execute (DefaultMaven.java:101)
    at org.apache.maven.cli.MavenCli.execute (MavenCli.java:919)
    at org.apache.maven.cli.MavenCli.doMain (MavenCli.java:285)
    at org.apache.maven.cli.MavenCli.main (MavenCli.java:207)
    at jdk.internal.reflect.DirectMethodHandleAccessor.invoke (DirectMethodHandleAccessor.java:104)
    at java.lang.reflect.Method.invoke (Method.java:565)
    at org.codehaus.plexus.classworlds.launcher.Launcher.launchEnhanced (Launcher.java:255)
    at org.codehaus.plexus.classworlds.launcher.Launcher.launch (Launcher.java:201)
    at org.codehaus.plexus.classworlds.launcher.Launcher.mainWithExitCode (Launcher.java:361)
    at org.codehaus.plexus.classworlds.launcher.Launcher.main (Launcher.java:314)
Caused by: org.eclipse.aether.resolution.ArtifactResolutionException: The following artifacts could not be resolved: bg.tid:grid-one-shared:jar:0.0.1-SNAPSHOT (absent): Could not find artifact bg.tid:grid-one-shared:jar:0.0.1-SNAPSHOT
    at org.eclipse.aether.internal.impl.DefaultArtifactResolver.resolve (DefaultArtifactResolver.java:474)
    at org.eclipse.aether.internal.impl.DefaultArtifactResolver.resolveArtifacts (DefaultArtifactResolver.java:261)
    at org.eclipse.aether.internal.impl.DefaultRepositorySystem.resolveDependencies (DefaultRepositorySystem.java:353)
    at org.apache.maven.project.DefaultProjectDependenciesResolver.resolve (DefaultProjectDependenciesResolver.java:184)
    at org.apache.maven.lifecycle.internal.LifecycleDependencyResolver.getDependencies (LifecycleDependencyResolver.java:227)
    at org.apache.maven.lifecycle.internal.LifecycleDependencyResolver.resolveProjectDependencies (LifecycleDependencyResolver.java:136)
    at org.apache.maven.lifecycle.internal.MojoExecutor.ensureDependenciesAreResolved (MojoExecutor.java:355)
    at org.apache.maven.lifecycle.internal.MojoExecutor.doExecute (MojoExecutor.java:314)
    at org.apache.maven.lifecycle.internal.MojoExecutor.execute (MojoExecutor.java:212)
    at org.apache.maven.lifecycle.internal.MojoExecutor.execute (MojoExecutor.java:174)
    at org.apache.maven.lifecycle.internal.MojoExecutor.access$000 (MojoExecutor.java:75)
    at org.apache.maven.lifecycle.internal.MojoExecutor$1.run (MojoExecutor.java:162)
    at org.apache.maven.plugin.DefaultMojosExecutionStrategy.execute (DefaultMojosExecutionStrategy.java:39)
    at org.apache.maven.lifecycle.internal.MojoExecutor.execute (MojoExecutor.java:159)
    at org.apache.maven.lifecycle.internal.LifecycleModuleBuilder.buildProject (LifecycleModuleBuilder.java:105)
    at org.apache.maven.lifecycle.internal.LifecycleModuleBuilder.buildProject (LifecycleModuleBuilder.java:73)
    at org.apache.maven.lifecycle.internal.builder.singlethreaded.SingleThreadedBuilder.build (SingleThreadedBuilder.java:53)
    at org.apache.maven.lifecycle.internal.LifecycleStarter.execute (LifecycleStarter.java:118)
    at org.apache.maven.DefaultMaven.doExecute (DefaultMaven.java:261)
    at org.apache.maven.DefaultMaven.doExecute (DefaultMaven.java:173)
    at org.apache.maven.DefaultMaven.execute (DefaultMaven.java:101)
    at org.apache.maven.cli.MavenCli.execute (MavenCli.java:919)
    at org.apache.maven.cli.MavenCli.doMain (MavenCli.java:285)
    at org.apache.maven.cli.MavenCli.main (MavenCli.java:207)
    at jdk.internal.reflect.DirectMethodHandleAccessor.invoke (DirectMethodHandleAccessor.java:104)
    at java.lang.reflect.Method.invoke (Method.java:565)
    at org.codehaus.plexus.classworlds.launcher.Launcher.launchEnhanced (Launcher.java:255)
    at org.codehaus.plexus.classworlds.launcher.Launcher.launch (Launcher.java:201)
    at org.codehaus.plexus.classworlds.launcher.Launcher.mainWithExitCode (Launcher.java:361)
    at org.codehaus.plexus.classworlds.launcher.Launcher.main (Launcher.java:314)
Caused by: org.eclipse.aether.transfer.ArtifactNotFoundException: Could not find artifact bg.tid:grid-one-shared:jar:0.0.1-SNAPSHOT
    at org.eclipse.aether.internal.impl.DefaultArtifactResolver.resolve (DefaultArtifactResolver.java:465)
    at org.eclipse.aether.internal.impl.DefaultArtifactResolver.resolveArtifacts (DefaultArtifactResolver.java:261)
    at org.eclipse.aether.internal.impl.DefaultRepositorySystem.resolveDependencies (DefaultRepositorySystem.java:353)
    at org.apache.maven.project.DefaultProjectDependenciesResolver.resolve (DefaultProjectDependenciesResolver.java:184)
    at org.apache.maven.lifecycle.internal.LifecycleDependencyResolver.getDependencies (LifecycleDependencyResolver.java:227)
    at org.apache.maven.lifecycle.internal.LifecycleDependencyResolver.resolveProjectDependencies (LifecycleDependencyResolver.java:136)
    at org.apache.maven.lifecycle.internal.MojoExecutor.ensureDependenciesAreResolved (MojoExecutor.java:355)
    at org.apache.maven.lifecycle.internal.MojoExecutor.doExecute (MojoExecutor.java:314)
    at org.apache.maven.lifecycle.internal.MojoExecutor.execute (MojoExecutor.java:212)
    at org.apache.maven.lifecycle.internal.MojoExecutor.execute (MojoExecutor.java:174)
    at org.apache.maven.lifecycle.internal.MojoExecutor.access$000 (MojoExecutor.java:75)
    at org.apache.maven.lifecycle.internal.MojoExecutor$1.run (MojoExecutor.java:162)
    at org.apache.maven.plugin.DefaultMojosExecutionStrategy.execute (DefaultMojosExecutionStrategy.java:39)
    at org.apache.maven.lifecycle.internal.MojoExecutor.execute (MojoExecutor.java:159)
    at org.apache.maven.lifecycle.internal.LifecycleModuleBuilder.buildProject (LifecycleModuleBuilder.java:105)
    at org.apache.maven.lifecycle.internal.LifecycleModuleBuilder.buildProject (LifecycleModuleBuilder.java:73)
    at org.apache.maven.lifecycle.internal.builder.singlethreaded.SingleThreadedBuilder.build (SingleThreadedBuilder.java:53)
    at org.apache.maven.lifecycle.internal.LifecycleStarter.execute (LifecycleStarter.java:118)
    at org.apache.maven.DefaultMaven.doExecute (DefaultMaven.java:261)
    at org.apache.maven.DefaultMaven.doExecute (DefaultMaven.java:173)
    at org.apache.maven.DefaultMaven.execute (DefaultMaven.java:101)
    at org.apache.maven.cli.MavenCli.execute (MavenCli.java:919)
    at org.apache.maven.cli.MavenCli.doMain (MavenCli.java:285)
    at org.apache.maven.cli.MavenCli.main (MavenCli.java:207)
    at jdk.internal.reflect.DirectMethodHandleAccessor.invoke (DirectMethodHandleAccessor.java:104)
    at java.lang.reflect.Method.invoke (Method.java:565)
    at org.codehaus.plexus.classworlds.launcher.Launcher.launchEnhanced (Launcher.java:255)
    at org.codehaus.plexus.classworlds.launcher.Launcher.launch (Launcher.java:201)
    at org.codehaus.plexus.classworlds.launcher.Launcher.mainWithExitCode (Launcher.java:361)
    at org.codehaus.plexus.classworlds.launcher.Launcher.main (Launcher.java:314)
[ERROR] 
[ERROR] 
[ERROR] For more information about the errors and possible solutions, please read the following articles:
[ERROR] [Help 1] http://cwiki.apache.org/confluence/display/MAVEN/DependencyResolutionException
[DEBUG] Shutting down adapter factory; available factories [file-lock, rwlock-local, semaphore-local, noop]; available name mappers [discriminating, file-gaecv, file-gav, file-hgaecv, file-hgav, file-static, gaecv, gav, static]
[DEBUG] Shutting down 'file-lock' factory
[DEBUG] Shutting down 'rwlock-local' factory
[DEBUG] Shutting down 'semaphore-local' factory
[DEBUG] Shutting down 'noop' factory
