[INFO] Scanning for projects...
[INFO] 
[INFO] ------------------< bg.tid:iec104-data-concentrator >-------------------
[INFO] Building iec104-data-concentrator 0.0.1-SNAPSHOT
[INFO]   from pom.xml
[INFO] --------------------------------[ jar ]---------------------------------
[WARNING] The POM for bg.tid:grid-one-shared:jar:0.0.1-SNAPSHOT is missing, no dependency information available
[INFO] ------------------------------------------------------------------------
[INFO] BUILD FAILURE
[INFO] ------------------------------------------------------------------------
[INFO] Total time:  0.555 s
[INFO] Finished at: 2026-03-19T19:13:39+02:00
[INFO] ------------------------------------------------------------------------
[ERROR] Failed to execute goal on project iec104-data-concentrator: Could not resolve dependencies for project bg.tid:iec104-data-concentrator:jar:0.0.1-SNAPSHOT
[ERROR] dependency: bg.tid:grid-one-shared:jar:0.0.1-SNAPSHOT (compile)
[ERROR] 	Could not find artifact bg.tid:grid-one-shared:jar:0.0.1-SNAPSHOT
[ERROR] 
[ERROR] -> [Help 1]
[ERROR] 
[ERROR] To see the full stack trace of the errors, re-run Maven with the -e switch.
[ERROR] Re-run Maven using the -X switch to enable full debug logging.
[ERROR] 
[ERROR] For more information about the errors and possible solutions, please read the following articles:
[ERROR] [Help 1] http://cwiki.apache.org/confluence/display/MAVEN/DependencyResolutionException
