[INFO] Scanning for projects...
[INFO] 
[INFO] -----------------------< bg.tid:grid-one-shared >-----------------------
[INFO] Building grid-one-shared 0.0.1-SNAPSHOT
[INFO]   from pom.xml
[INFO] --------------------------------[ jar ]---------------------------------
[INFO] 
[INFO] --- clean:3.3.2:clean (default-clean) @ grid-one-shared ---
[INFO] Deleting C:\work\Antigravity\grid-one-shared\target
[INFO] 
[INFO] --- resources:3.3.1:resources (default-resources) @ grid-one-shared ---
[INFO] Copying 1 resource from src\main\resources to target\classes
[INFO] Copying 2 resources from src\main\resources to target\classes
[INFO] 
[INFO] --- compiler:3.13.0:compile (default-compile) @ grid-one-shared ---
[INFO] Recompiling the module because of changed source code.
[INFO] Compiling 135 source files with javac [debug parameters release 17] to target\classes
[INFO] -------------------------------------------------------------
[ERROR] COMPILATION ERROR : 
[INFO] -------------------------------------------------------------
[ERROR] /C:/work/Antigravity/grid-one-shared/src/main/java/bg/tid/shared/archive/AsyncRemoteDataDto.java:[16,8] bg.tid.shared.archive.AsyncRemoteDataDto is not abstract and does not override abstract method getCompressed() in bg.tid.shared.async.AsyncRemoteInterface
[ERROR] /C:/work/Antigravity/grid-one-shared/src/main/java/bg/tid/shared/async/AsyncHandlerWithInterface.java:[40,25] cannot find symbol
  symbol:   variable log
  location: class bg.tid.shared.async.AsyncHandlerWithInterface
[ERROR] /C:/work/Antigravity/grid-one-shared/src/main/java/bg/tid/shared/async/AsyncHandlerWithInterface.java:[43,25] cannot find symbol
  symbol:   variable log
  location: class bg.tid.shared.async.AsyncHandlerWithInterface
[ERROR] /C:/work/Antigravity/grid-one-shared/src/main/java/bg/tid/shared/async/AsyncHandlerWithInterface.java:[50,33] cannot find symbol
  symbol:   variable log
  location: class bg.tid.shared.async.AsyncHandlerWithInterface
[ERROR] /C:/work/Antigravity/grid-one-shared/src/main/java/bg/tid/shared/async/AsyncHandlerWithInterface.java:[62,41] cannot find symbol
  symbol:   variable log
  location: class bg.tid.shared.async.AsyncHandlerWithInterface
[ERROR] /C:/work/Antigravity/grid-one-shared/src/main/java/bg/tid/shared/async/AsyncHandlerWithInterface.java:[67,25] cannot find symbol
  symbol:   variable log
  location: class bg.tid.shared.async.AsyncHandlerWithInterface
[ERROR] /C:/work/Antigravity/grid-one-shared/src/main/java/bg/tid/shared/async/AsyncHandlerWithInterface.java:[69,33] cannot find symbol
  symbol:   variable log
  location: class bg.tid.shared.async.AsyncHandlerWithInterface
[ERROR] /C:/work/Antigravity/grid-one-shared/src/main/java/bg/tid/shared/async/AsyncHandlerWithInterface.java:[72,49] cannot find symbol
  symbol:   variable log
  location: class bg.tid.shared.async.AsyncHandlerWithInterface
[ERROR] /C:/work/Antigravity/grid-one-shared/src/main/java/bg/tid/shared/async/AsyncHandlerWithInterface.java:[78,41] cannot find symbol
  symbol:   variable log
  location: class bg.tid.shared.async.AsyncHandlerWithInterface
[ERROR] /C:/work/Antigravity/grid-one-shared/src/main/java/bg/tid/shared/async/AsyncHandlerWithInterface.java:[85,25] cannot find symbol
  symbol:   variable log
  location: class bg.tid.shared.async.AsyncHandlerWithInterface
[ERROR] /C:/work/Antigravity/grid-one-shared/src/main/java/bg/tid/shared/async/AsyncHandlerWithQueue.java:[47,33] cannot find symbol
  symbol:   variable log
  location: class bg.tid.shared.async.AsyncHandlerWithQueue
[ERROR] /C:/work/Antigravity/grid-one-shared/src/main/java/bg/tid/shared/async/AsyncHandlerWithQueue.java:[52,25] cannot find symbol
  symbol:   variable log
  location: class bg.tid.shared.async.AsyncHandlerWithQueue
[ERROR] /C:/work/Antigravity/grid-one-shared/src/main/java/bg/tid/shared/async/AsyncHandlerWithQueue.java:[59,33] cannot find symbol
  symbol:   variable log
  location: class bg.tid.shared.async.AsyncHandlerWithQueue
[ERROR] /C:/work/Antigravity/grid-one-shared/src/main/java/bg/tid/shared/async/AsyncHandlerWithQueue.java:[67,83] cannot find symbol
  symbol:   method builder()
  location: class bg.tid.shared.archive.AsyncRemoteDataDto
[ERROR] /C:/work/Antigravity/grid-one-shared/src/main/java/bg/tid/shared/async/AsyncHandlerWithQueue.java:[80,41] cannot find symbol
  symbol:   variable log
  location: class bg.tid.shared.async.AsyncHandlerWithQueue
[ERROR] /C:/work/Antigravity/grid-one-shared/src/main/java/bg/tid/shared/async/AsyncHandlerWithQueue.java:[83,41] cannot find symbol
  symbol:   variable log
  location: class bg.tid.shared.async.AsyncHandlerWithQueue
[ERROR] /C:/work/Antigravity/grid-one-shared/src/main/java/bg/tid/shared/async/AsyncHandlerWithQueue.java:[89,25] cannot find symbol
  symbol:   variable log
  location: class bg.tid.shared.async.AsyncHandlerWithQueue
[ERROR] /C:/work/Antigravity/grid-one-shared/src/main/java/bg/tid/shared/async/AsyncRemoteRequestDto.java:[10,8] bg.tid.shared.async.AsyncRemoteRequestDto is not abstract and does not override abstract method getCompressed() in bg.tid.shared.async.AsyncRemoteInterface
[ERROR] /C:/work/Antigravity/grid-one-shared/src/main/java/bg/tid/shared/iec104/InformationObjectData.java:[45,9] cannot find symbol
  symbol:   variable log
  location: class bg.tid.shared.iec104.InformationObjectData
[ERROR] /C:/work/Antigravity/grid-one-shared/src/main/java/bg/tid/shared/iec104/InformationObjectData.java:[47,19] cannot find symbol
  symbol:   method getQuality()
  location: variable tag of type bg.tid.shared.iec104.InformationElementData
[ERROR] /C:/work/Antigravity/grid-one-shared/src/main/java/bg/tid/shared/iec104/InformationObjectData.java:[52,17] cannot find symbol
  symbol:   variable log
  location: class bg.tid.shared.iec104.InformationObjectData
[ERROR] /C:/work/Antigravity/grid-one-shared/src/main/java/bg/tid/shared/iec104/InformationObjectData.java:[56,33] cannot find symbol
  symbol:   variable log
  location: class bg.tid.shared.iec104.InformationObjectData
[ERROR] /C:/work/Antigravity/grid-one-shared/src/main/java/bg/tid/shared/iec104/InformationObjectData.java:[61,25] cannot find symbol
  symbol:   variable log
  location: class bg.tid.shared.iec104.InformationObjectData
[ERROR] /C:/work/Antigravity/grid-one-shared/src/main/java/bg/tid/shared/iec104/InformationObjectData.java:[67,17] cannot find symbol
  symbol:   variable log
  location: class bg.tid.shared.iec104.InformationObjectData
[ERROR] /C:/work/Antigravity/grid-one-shared/src/main/java/bg/tid/shared/iec104/InformationObjectData.java:[73,36] cannot find symbol
  symbol:   method getValue()
  location: variable tag of type bg.tid.shared.iec104.InformationElementData
[ERROR] /C:/work/Antigravity/grid-one-shared/src/main/java/bg/tid/shared/iec104/InformationObjectData.java:[74,20] cannot find symbol
  symbol:   method setValue(java.lang.Float)
  location: variable tag of type bg.tid.shared.iec104.InformationElementData
[ERROR] /C:/work/Antigravity/grid-one-shared/src/main/java/bg/tid/shared/iec104/InformationObjectData.java:[76,28] cannot find symbol
  symbol:   method getAvg()
  location: variable tag of type bg.tid.shared.iec104.InformationElementData
[ERROR] /C:/work/Antigravity/grid-one-shared/src/main/java/bg/tid/shared/iec104/InformationObjectData.java:[79,25] cannot find symbol
  symbol:   variable log
  location: class bg.tid.shared.iec104.InformationObjectData
[ERROR] /C:/work/Antigravity/grid-one-shared/src/main/java/bg/tid/shared/iec104/InformationObjectData.java:[84,17] cannot find symbol
  symbol:   variable log
  location: class bg.tid.shared.iec104.InformationObjectData
[ERROR] /C:/work/Antigravity/grid-one-shared/src/main/java/bg/tid/shared/iec104/InformationObjectData.java:[86,19] cannot find symbol
  symbol:   method getOldValue()
  location: variable tag of type bg.tid.shared.iec104.InformationElementData
[ERROR] /C:/work/Antigravity/grid-one-shared/src/main/java/bg/tid/shared/iec104/InformationObjectData.java:[90,17] cannot find symbol
  symbol:   variable log
  location: class bg.tid.shared.iec104.InformationObjectData
[ERROR] /C:/work/Antigravity/grid-one-shared/src/main/java/bg/tid/shared/iec104/InformationObjectData.java:[93,43] cannot find symbol
  symbol:   method getScale()
  location: variable tag of type bg.tid.shared.iec104.InformationElementData
[ERROR] /C:/work/Antigravity/grid-one-shared/src/main/java/bg/tid/shared/iec104/InformationObjectData.java:[93,60] cannot find symbol
  symbol:   method getOffset()
  location: variable tag of type bg.tid.shared.iec104.InformationElementData
[ERROR] /C:/work/Antigravity/grid-one-shared/src/main/java/bg/tid/shared/iec104/InformationObjectData.java:[95,25] cannot find symbol
  symbol:   variable log
  location: class bg.tid.shared.iec104.InformationObjectData
[ERROR] /C:/work/Antigravity/grid-one-shared/src/main/java/bg/tid/shared/iec104/InformationObjectData.java:[96,43] cannot find symbol
  symbol:   method getScale()
  location: variable tag of type bg.tid.shared.iec104.InformationElementData
[ERROR] /C:/work/Antigravity/grid-one-shared/src/main/java/bg/tid/shared/iec104/InformationObjectData.java:[96,60] cannot find symbol
  symbol:   method getOffset()
  location: variable tag of type bg.tid.shared.iec104.InformationElementData
[ERROR] /C:/work/Antigravity/grid-one-shared/src/main/java/bg/tid/shared/iec104/InformationObjectData.java:[101,17] cannot find symbol
  symbol:   variable log
  location: class bg.tid.shared.iec104.InformationObjectData
[ERROR] /C:/work/Antigravity/grid-one-shared/src/main/java/bg/tid/shared/iec104/InformationObjectData.java:[108,44] cannot find symbol
  symbol:   method getValue()
  location: variable tag of type bg.tid.shared.iec104.InformationElementData
[ERROR] /C:/work/Antigravity/grid-one-shared/src/main/java/bg/tid/shared/iec104/InformationObjectData.java:[111,25] cannot find symbol
  symbol:   variable log
  location: class bg.tid.shared.iec104.InformationObjectData
[ERROR] /C:/work/Antigravity/grid-one-shared/src/main/java/bg/tid/shared/iec104/InformationObjectData.java:[117,17] cannot find symbol
  symbol:   variable log
  location: class bg.tid.shared.iec104.InformationObjectData
[ERROR] /C:/work/Antigravity/grid-one-shared/src/main/java/bg/tid/shared/iec104/InformationObjectData.java:[121,32] cannot find symbol
  symbol:   method getAvg()
  location: variable tag of type bg.tid.shared.iec104.InformationElementData
[ERROR] /C:/work/Antigravity/grid-one-shared/src/main/java/bg/tid/shared/iec104/InformationObjectData.java:[122,25] cannot find symbol
  symbol:   variable log
  location: class bg.tid.shared.iec104.InformationObjectData
[ERROR] /C:/work/Antigravity/grid-one-shared/src/main/java/bg/tid/shared/iec104/InformationObjectData.java:[125,46] cannot find symbol
  symbol:   method getAvg()
  location: variable tag of type bg.tid.shared.iec104.InformationElementData
[ERROR] /C:/work/Antigravity/grid-one-shared/src/main/java/bg/tid/shared/iec104/InformationObjectData.java:[131,25] cannot find symbol
  symbol:   variable log
  location: class bg.tid.shared.iec104.InformationObjectData
[ERROR] /C:/work/Antigravity/grid-one-shared/src/main/java/bg/tid/shared/iec104/InformationObjectData.java:[134,25] cannot find symbol
  symbol:   variable log
  location: class bg.tid.shared.iec104.InformationObjectData
[ERROR] /C:/work/Antigravity/grid-one-shared/src/main/java/bg/tid/shared/iec104/InformationObjectData.java:[138,25] cannot find symbol
  symbol:   variable log
  location: class bg.tid.shared.iec104.InformationObjectData
[ERROR] /C:/work/Antigravity/grid-one-shared/src/main/java/bg/tid/shared/mqtt/MqttEventDrivenCommandDto.java:[10,8] bg.tid.shared.mqtt.MqttEventDrivenCommandDto is not abstract and does not override abstract method setDeviceTopic(java.lang.String) in bg.tid.shared.mqtt.MqttCommandDto
[ERROR] /C:/work/Antigravity/grid-one-shared/src/main/java/bg/tid/shared/mqtt/MqttPeriodicCommandDto.java:[10,8] bg.tid.shared.mqtt.MqttPeriodicCommandDto is not abstract and does not override abstract method setDeviceTopic(java.lang.String) in bg.tid.shared.mqtt.MqttCommandDto
[ERROR] /C:/work/Antigravity/grid-one-shared/src/main/java/bg/tid/shared/mqtt/MqttScheduleCommandDto.java:[10,8] bg.tid.shared.mqtt.MqttScheduleCommandDto is not abstract and does not override abstract method setDeviceTopic(java.lang.String) in bg.tid.shared.mqtt.MqttCommandDto
[ERROR] /C:/work/Antigravity/grid-one-shared/src/main/java/bg/tid/shared/repl/ReplCommonPropReplicatorDto.java:[23,43] cannot find symbol
  symbol:   method builder()
  location: class bg.tid.shared.repl.ReplCommonPropReplicatorDto
[ERROR] /C:/work/Antigravity/grid-one-shared/src/main/java/bg/tid/shared/repl/ReplCountryReplicatorDto.java:[21,40] cannot find symbol
  symbol:   method builder()
  location: class bg.tid.shared.repl.ReplCountryReplicatorDto
[ERROR] /C:/work/Antigravity/grid-one-shared/src/main/java/bg/tid/shared/repl/ReplEnergyCompanyReplicatorDto.java:[42,46] cannot find symbol
  symbol:   method builder()
  location: class bg.tid.shared.repl.ReplEnergyCompanyReplicatorDto
[ERROR] /C:/work/Antigravity/grid-one-shared/src/main/java/bg/tid/shared/repl/ReplEnergyCompanyTypeReplicatorDto.java:[21,50] cannot find symbol
  symbol:   method builder()
  location: class bg.tid.shared.repl.ReplEnergyCompanyTypeReplicatorDto
[ERROR] /C:/work/Antigravity/grid-one-shared/src/main/java/bg/tid/shared/repl/ReplEnergyObjectReplicatorDto.java:[31,45] cannot find symbol
  symbol:   method builder()
  location: class bg.tid.shared.repl.ReplEnergyObjectReplicatorDto
[ERROR] /C:/work/Antigravity/grid-one-shared/src/main/java/bg/tid/shared/repl/ReplHubReplicatorDto.java:[22,36] cannot find symbol
  symbol:   method builder()
  location: class bg.tid.shared.repl.ReplHubReplicatorDto
[ERROR] /C:/work/Antigravity/grid-one-shared/src/main/java/bg/tid/shared/repl/ReplRegionReplicatorDto.java:[22,39] cannot find symbol
  symbol:   method builder()
  location: class bg.tid.shared.repl.ReplRegionReplicatorDto
[ERROR] /C:/work/Antigravity/grid-one-shared/src/main/java/bg/tid/shared/repl/ReplResourceReplicatorDto.java:[23,41] cannot find symbol
  symbol:   method builder()
  location: class bg.tid.shared.repl.ReplResourceReplicatorDto
[ERROR] /C:/work/Antigravity/grid-one-shared/src/main/java/bg/tid/shared/repl/ReplUserObjectReplicatorDto.java:[37,43] cannot find symbol
  symbol:   method builder()
  location: class bg.tid.shared.repl.ReplUserObjectReplicatorDto
[ERROR] /C:/work/Antigravity/grid-one-shared/src/main/java/bg/tid/shared/services/BatteryOptimization.java:[34,17] cannot find symbol
  symbol:   variable log
  location: class bg.tid.shared.services.BatteryOptimization
[ERROR] /C:/work/Antigravity/grid-one-shared/src/main/java/bg/tid/shared/services/BatteryOptimization.java:[44,20] cannot find symbol
  symbol:   method setBatteryCapacity(int)
  location: variable dto of type bg.tid.shared.services.ChargeDataDto
[ERROR] /C:/work/Antigravity/grid-one-shared/src/main/java/bg/tid/shared/services/BatteryOptimization.java:[45,20] cannot find symbol
  symbol:   method setChargingRate(double)
  location: variable dto of type bg.tid.shared.services.ChargeDataDto
[ERROR] /C:/work/Antigravity/grid-one-shared/src/main/java/bg/tid/shared/services/BatteryOptimization.java:[46,20] cannot find symbol
  symbol:   method setDischargingRate(double)
  location: variable dto of type bg.tid.shared.services.ChargeDataDto
[ERROR] /C:/work/Antigravity/grid-one-shared/src/main/java/bg/tid/shared/services/BatteryOptimization.java:[55,67] cannot find symbol
  symbol:   method getAveragePrice()
  location: class bg.tid.shared.services.DuringTheDayDto
[ERROR] /C:/work/Antigravity/grid-one-shared/src/main/java/bg/tid/shared/services/BatteryOptimization.java:[109,62] cannot find symbol
  symbol:   method setChargeDirection(int)
  location: variable chargeDataRow of type bg.tid.shared.services.ChargeDataRowDto
[ERROR] /C:/work/Antigravity/grid-one-shared/src/main/java/bg/tid/shared/services/BatteryOptimization.java:[115,62] cannot find symbol
  symbol:   method setChargeDirection(int)
  location: variable chargeDataRow of type bg.tid.shared.services.ChargeDataRowDto
[ERROR] /C:/work/Antigravity/grid-one-shared/src/main/java/bg/tid/shared/services/BatteryOptimization.java:[117,62] cannot find symbol
  symbol:   method setChargeDirection(int)
  location: variable chargeDataRow of type bg.tid.shared.services.ChargeDataRowDto
[ERROR] /C:/work/Antigravity/grid-one-shared/src/main/java/bg/tid/shared/services/BatteryOptimization.java:[124,54] cannot find symbol
  symbol:   method setTimeSlot(java.time.LocalDateTime)
  location: variable chargeDataRow of type bg.tid.shared.services.ChargeDataRowDto
[ERROR] /C:/work/Antigravity/grid-one-shared/src/main/java/bg/tid/shared/services/BatteryOptimization.java:[125,82] cannot find symbol
  symbol:   method getAveragePrice()
  location: class bg.tid.shared.services.DuringTheDayDto
[ERROR] /C:/work/Antigravity/grid-one-shared/src/main/java/bg/tid/shared/services/BatteryOptimization.java:[126,54] cannot find symbol
  symbol:   method setSum(double)
  location: variable chargeDataRow of type bg.tid.shared.services.ChargeDataRowDto
[ERROR] /C:/work/Antigravity/grid-one-shared/src/main/java/bg/tid/shared/services/BatteryOptimization.java:[127,54] cannot find symbol
  symbol:   method setChargePower(long)
  location: variable chargeDataRow of type bg.tid.shared.services.ChargeDataRowDto
[ERROR] /C:/work/Antigravity/grid-one-shared/src/main/java/bg/tid/shared/services/BatteryOptimization.java:[128,54] cannot find symbol
  symbol:   method setChargedEnergykWh(long)
  location: variable chargeDataRow of type bg.tid.shared.services.ChargeDataRowDto
[ERROR] /C:/work/Antigravity/grid-one-shared/src/main/java/bg/tid/shared/services/BatteryOptimization.java:[129,54] cannot find symbol
  symbol:   method setChargedEnergyAh(long)
  location: variable chargeDataRow of type bg.tid.shared.services.ChargeDataRowDto
[ERROR] /C:/work/Antigravity/grid-one-shared/src/main/java/bg/tid/shared/services/BatteryOptimization.java:[130,54] cannot find symbol
  symbol:   method setChargeCycleNo(int)
  location: variable chargeDataRow of type bg.tid.shared.services.ChargeDataRowDto
[ERROR] /C:/work/Antigravity/grid-one-shared/src/main/java/bg/tid/shared/services/BatteryOptimization.java:[135,36] cannot find symbol
  symbol:   method setChargeCycles(int)
  location: variable dto of type bg.tid.shared.services.ChargeDataDto
[ERROR] /C:/work/Antigravity/grid-one-shared/src/main/java/bg/tid/shared/services/BatteryOptimization.java:[136,36] cannot find symbol
  symbol:   method setFinalBatterySoc(double)
  location: variable dto of type bg.tid.shared.services.ChargeDataDto
[ERROR] /C:/work/Antigravity/grid-one-shared/src/main/java/bg/tid/shared/services/BatteryOptimization.java:[137,36] cannot find symbol
  symbol:   method setProfit(double)
  location: variable dto of type bg.tid.shared.services.ChargeDataDto
[ERROR] /C:/work/Antigravity/grid-one-shared/src/main/java/bg/tid/shared/services/BatteryOptimization.java:[138,36] cannot find symbol
  symbol:   method setChargeDataList(java.util.List<bg.tid.shared.services.ChargeDataRowDto>)
  location: variable dto of type bg.tid.shared.services.ChargeDataDto
[ERROR] /C:/work/Antigravity/grid-one-shared/src/main/java/bg/tid/shared/services/BatteryOptimization.java:[140,33] cannot find symbol
  symbol:   variable log
  location: class bg.tid.shared.services.BatteryOptimization
[ERROR] /C:/work/Antigravity/grid-one-shared/src/main/java/bg/tid/shared/services/BatteryOptimization.java:[145,48] cannot find symbol
  symbol:   method getChargeDataList()
  location: variable dto of type bg.tid.shared.services.ChargeDataDto
[ERROR] /C:/work/Antigravity/grid-one-shared/src/main/java/bg/tid/shared/services/BatteryOptimization.java:[150,67] cannot find symbol
  symbol:   method getChargeDataList()
  location: variable dto of type bg.tid.shared.services.ChargeDataDto
[ERROR] /C:/work/Antigravity/grid-one-shared/src/main/java/bg/tid/shared/services/BatteryOptimization.java:[161,44] cannot find symbol
  symbol:   method getChargeDataList()
  location: variable dto of type bg.tid.shared.services.ChargeDataDto
[ERROR] /C:/work/Antigravity/grid-one-shared/src/main/java/bg/tid/shared/services/BatteryOptimization.java:[163,41] cannot find symbol
  symbol:   variable log
  location: class bg.tid.shared.services.BatteryOptimization
[ERROR] /C:/work/Antigravity/grid-one-shared/src/main/java/bg/tid/shared/services/BatteryOptimization.java:[168,41] cannot find symbol
  symbol:   method getChargeDataList()
  location: variable dto of type bg.tid.shared.services.ChargeDataDto
[ERROR] /C:/work/Antigravity/grid-one-shared/src/main/java/bg/tid/shared/services/BatteryOptimization.java:[168,119] cannot find symbol
  symbol:   method getChargeDataList()
  location: variable dto of type bg.tid.shared.services.ChargeDataDto
[ERROR] /C:/work/Antigravity/grid-one-shared/src/main/java/bg/tid/shared/services/BatteryOptimization.java:[169,53] cannot find symbol
  symbol:   method getChargeDataList()
  location: variable dto of type bg.tid.shared.services.ChargeDataDto
[ERROR] /C:/work/Antigravity/grid-one-shared/src/main/java/bg/tid/shared/services/BatteryOptimization.java:[169,131] cannot find symbol
  symbol:   method getChargeDataList()
  location: variable dto of type bg.tid.shared.services.ChargeDataDto
[ERROR] /C:/work/Antigravity/grid-one-shared/src/main/java/bg/tid/shared/services/BatteryOptimization.java:[170,44] cannot find symbol
  symbol:   method getChargeDataList()
  location: variable dto of type bg.tid.shared.services.ChargeDataDto
[ERROR] /C:/work/Antigravity/grid-one-shared/src/main/java/bg/tid/shared/services/BatteryOptimization.java:[171,44] cannot find symbol
  symbol:   method getChargeDataList()
  location: variable dto of type bg.tid.shared.services.ChargeDataDto
[ERROR] /C:/work/Antigravity/grid-one-shared/src/main/java/bg/tid/shared/services/BatteryOptimization.java:[172,44] cannot find symbol
  symbol:   method getChargeDataList()
  location: variable dto of type bg.tid.shared.services.ChargeDataDto
[ERROR] /C:/work/Antigravity/grid-one-shared/src/main/java/bg/tid/shared/services/BatteryOptimization.java:[176,65] cannot find symbol
  symbol:   method getChargeDataList()
  location: variable dto of type bg.tid.shared.services.ChargeDataDto
[ERROR] /C:/work/Antigravity/grid-one-shared/src/main/java/bg/tid/shared/services/BatteryOptimization.java:[177,62] cannot find symbol
  symbol:   method getChargeDataList()
  location: variable dto of type bg.tid.shared.services.ChargeDataDto
[ERROR] /C:/work/Antigravity/grid-one-shared/src/main/java/bg/tid/shared/services/BatteryOptimization.java:[178,56] cannot find symbol
  symbol:   method getChargeDataList()
  location: variable dto of type bg.tid.shared.services.ChargeDataDto
[ERROR] /C:/work/Antigravity/grid-one-shared/src/main/java/bg/tid/shared/services/BatteryOptimization.java:[179,53] cannot find symbol
  symbol:   method getChargeDataList()
  location: variable dto of type bg.tid.shared.services.ChargeDataDto
[ERROR] /C:/work/Antigravity/grid-one-shared/src/main/java/bg/tid/shared/services/BatteryOptimization.java:[182,44] cannot find symbol
  symbol:   method getChargeDataList()
  location: variable dto of type bg.tid.shared.services.ChargeDataDto
[ERROR] /C:/work/Antigravity/grid-one-shared/src/main/java/bg/tid/shared/services/BatteryOptimization.java:[183,44] cannot find symbol
  symbol:   method getChargeDataList()
  location: variable dto of type bg.tid.shared.services.ChargeDataDto
[ERROR] /C:/work/Antigravity/grid-one-shared/src/main/java/bg/tid/shared/services/BatteryOptimization.java:[184,44] cannot find symbol
  symbol:   method getChargeDataList()
  location: variable dto of type bg.tid.shared.services.ChargeDataDto
[ERROR] /C:/work/Antigravity/grid-one-shared/src/main/java/bg/tid/shared/services/BatteryOptimization.java:[185,44] cannot find symbol
  symbol:   method getChargeDataList()
  location: variable dto of type bg.tid.shared.services.ChargeDataDto
[ERROR] /C:/work/Antigravity/grid-one-shared/src/main/java/bg/tid/shared/services/BatteryOptimization.java:[186,44] cannot find symbol
  symbol:   method getChargeDataList()
  location: variable dto of type bg.tid.shared.services.ChargeDataDto
[ERROR] /C:/work/Antigravity/grid-one-shared/src/main/java/bg/tid/shared/services/BatteryOptimization.java:[187,44] cannot find symbol
  symbol:   method getChargeDataList()
  location: variable dto of type bg.tid.shared.services.ChargeDataDto
[ERROR] /C:/work/Antigravity/grid-one-shared/src/main/java/bg/tid/shared/services/BatteryOptimization.java:[193,25] cannot find symbol
  symbol:   variable log
  location: class bg.tid.shared.services.BatteryOptimization
[INFO] 100 errors 
[INFO] -------------------------------------------------------------
[INFO] ------------------------------------------------------------------------
[INFO] BUILD FAILURE
[INFO] ------------------------------------------------------------------------
[INFO] Total time:  1.581 s
[INFO] Finished at: 2026-03-19T19:20:55+02:00
[INFO] ------------------------------------------------------------------------
[ERROR] Failed to execute goal org.apache.maven.plugins:maven-compiler-plugin:3.13.0:compile (default-compile) on project grid-one-shared: Compilation failure: Compilation failure: 
[ERROR] /C:/work/Antigravity/grid-one-shared/src/main/java/bg/tid/shared/archive/AsyncRemoteDataDto.java:[16,8] bg.tid.shared.archive.AsyncRemoteDataDto is not abstract and does not override abstract method getCompressed() in bg.tid.shared.async.AsyncRemoteInterface
[ERROR] /C:/work/Antigravity/grid-one-shared/src/main/java/bg/tid/shared/async/AsyncHandlerWithInterface.java:[40,25] cannot find symbol
[ERROR]   symbol:   variable log
[ERROR]   location: class bg.tid.shared.async.AsyncHandlerWithInterface
[ERROR] /C:/work/Antigravity/grid-one-shared/src/main/java/bg/tid/shared/async/AsyncHandlerWithInterface.java:[43,25] cannot find symbol
[ERROR]   symbol:   variable log
[ERROR]   location: class bg.tid.shared.async.AsyncHandlerWithInterface
[ERROR] /C:/work/Antigravity/grid-one-shared/src/main/java/bg/tid/shared/async/AsyncHandlerWithInterface.java:[50,33] cannot find symbol
[ERROR]   symbol:   variable log
[ERROR]   location: class bg.tid.shared.async.AsyncHandlerWithInterface
[ERROR] /C:/work/Antigravity/grid-one-shared/src/main/java/bg/tid/shared/async/AsyncHandlerWithInterface.java:[62,41] cannot find symbol
[ERROR]   symbol:   variable log
[ERROR]   location: class bg.tid.shared.async.AsyncHandlerWithInterface
[ERROR] /C:/work/Antigravity/grid-one-shared/src/main/java/bg/tid/shared/async/AsyncHandlerWithInterface.java:[67,25] cannot find symbol
[ERROR]   symbol:   variable log
[ERROR]   location: class bg.tid.shared.async.AsyncHandlerWithInterface
[ERROR] /C:/work/Antigravity/grid-one-shared/src/main/java/bg/tid/shared/async/AsyncHandlerWithInterface.java:[69,33] cannot find symbol
[ERROR]   symbol:   variable log
[ERROR]   location: class bg.tid.shared.async.AsyncHandlerWithInterface
[ERROR] /C:/work/Antigravity/grid-one-shared/src/main/java/bg/tid/shared/async/AsyncHandlerWithInterface.java:[72,49] cannot find symbol
[ERROR]   symbol:   variable log
[ERROR]   location: class bg.tid.shared.async.AsyncHandlerWithInterface
[ERROR] /C:/work/Antigravity/grid-one-shared/src/main/java/bg/tid/shared/async/AsyncHandlerWithInterface.java:[78,41] cannot find symbol
[ERROR]   symbol:   variable log
[ERROR]   location: class bg.tid.shared.async.AsyncHandlerWithInterface
[ERROR] /C:/work/Antigravity/grid-one-shared/src/main/java/bg/tid/shared/async/AsyncHandlerWithInterface.java:[85,25] cannot find symbol
[ERROR]   symbol:   variable log
[ERROR]   location: class bg.tid.shared.async.AsyncHandlerWithInterface
[ERROR] /C:/work/Antigravity/grid-one-shared/src/main/java/bg/tid/shared/async/AsyncHandlerWithQueue.java:[47,33] cannot find symbol
[ERROR]   symbol:   variable log
[ERROR]   location: class bg.tid.shared.async.AsyncHandlerWithQueue
[ERROR] /C:/work/Antigravity/grid-one-shared/src/main/java/bg/tid/shared/async/AsyncHandlerWithQueue.java:[52,25] cannot find symbol
[ERROR]   symbol:   variable log
[ERROR]   location: class bg.tid.shared.async.AsyncHandlerWithQueue
[ERROR] /C:/work/Antigravity/grid-one-shared/src/main/java/bg/tid/shared/async/AsyncHandlerWithQueue.java:[59,33] cannot find symbol
[ERROR]   symbol:   variable log
[ERROR]   location: class bg.tid.shared.async.AsyncHandlerWithQueue
[ERROR] /C:/work/Antigravity/grid-one-shared/src/main/java/bg/tid/shared/async/AsyncHandlerWithQueue.java:[67,83] cannot find symbol
[ERROR]   symbol:   method builder()
[ERROR]   location: class bg.tid.shared.archive.AsyncRemoteDataDto
[ERROR] /C:/work/Antigravity/grid-one-shared/src/main/java/bg/tid/shared/async/AsyncHandlerWithQueue.java:[80,41] cannot find symbol
[ERROR]   symbol:   variable log
[ERROR]   location: class bg.tid.shared.async.AsyncHandlerWithQueue
[ERROR] /C:/work/Antigravity/grid-one-shared/src/main/java/bg/tid/shared/async/AsyncHandlerWithQueue.java:[83,41] cannot find symbol
[ERROR]   symbol:   variable log
[ERROR]   location: class bg.tid.shared.async.AsyncHandlerWithQueue
[ERROR] /C:/work/Antigravity/grid-one-shared/src/main/java/bg/tid/shared/async/AsyncHandlerWithQueue.java:[89,25] cannot find symbol
[ERROR]   symbol:   variable log
[ERROR]   location: class bg.tid.shared.async.AsyncHandlerWithQueue
[ERROR] /C:/work/Antigravity/grid-one-shared/src/main/java/bg/tid/shared/async/AsyncRemoteRequestDto.java:[10,8] bg.tid.shared.async.AsyncRemoteRequestDto is not abstract and does not override abstract method getCompressed() in bg.tid.shared.async.AsyncRemoteInterface
[ERROR] /C:/work/Antigravity/grid-one-shared/src/main/java/bg/tid/shared/iec104/InformationObjectData.java:[45,9] cannot find symbol
[ERROR]   symbol:   variable log
[ERROR]   location: class bg.tid.shared.iec104.InformationObjectData
[ERROR] /C:/work/Antigravity/grid-one-shared/src/main/java/bg/tid/shared/iec104/InformationObjectData.java:[47,19] cannot find symbol
[ERROR]   symbol:   method getQuality()
[ERROR]   location: variable tag of type bg.tid.shared.iec104.InformationElementData
[ERROR] /C:/work/Antigravity/grid-one-shared/src/main/java/bg/tid/shared/iec104/InformationObjectData.java:[52,17] cannot find symbol
[ERROR]   symbol:   variable log
[ERROR]   location: class bg.tid.shared.iec104.InformationObjectData
[ERROR] /C:/work/Antigravity/grid-one-shared/src/main/java/bg/tid/shared/iec104/InformationObjectData.java:[56,33] cannot find symbol
[ERROR]   symbol:   variable log
[ERROR]   location: class bg.tid.shared.iec104.InformationObjectData
[ERROR] /C:/work/Antigravity/grid-one-shared/src/main/java/bg/tid/shared/iec104/InformationObjectData.java:[61,25] cannot find symbol
[ERROR]   symbol:   variable log
[ERROR]   location: class bg.tid.shared.iec104.InformationObjectData
[ERROR] /C:/work/Antigravity/grid-one-shared/src/main/java/bg/tid/shared/iec104/InformationObjectData.java:[67,17] cannot find symbol
[ERROR]   symbol:   variable log
[ERROR]   location: class bg.tid.shared.iec104.InformationObjectData
[ERROR] /C:/work/Antigravity/grid-one-shared/src/main/java/bg/tid/shared/iec104/InformationObjectData.java:[73,36] cannot find symbol
[ERROR]   symbol:   method getValue()
[ERROR]   location: variable tag of type bg.tid.shared.iec104.InformationElementData
[ERROR] /C:/work/Antigravity/grid-one-shared/src/main/java/bg/tid/shared/iec104/InformationObjectData.java:[74,20] cannot find symbol
[ERROR]   symbol:   method setValue(java.lang.Float)
[ERROR]   location: variable tag of type bg.tid.shared.iec104.InformationElementData
[ERROR] /C:/work/Antigravity/grid-one-shared/src/main/java/bg/tid/shared/iec104/InformationObjectData.java:[76,28] cannot find symbol
[ERROR]   symbol:   method getAvg()
[ERROR]   location: variable tag of type bg.tid.shared.iec104.InformationElementData
[ERROR] /C:/work/Antigravity/grid-one-shared/src/main/java/bg/tid/shared/iec104/InformationObjectData.java:[79,25] cannot find symbol
[ERROR]   symbol:   variable log
[ERROR]   location: class bg.tid.shared.iec104.InformationObjectData
[ERROR] /C:/work/Antigravity/grid-one-shared/src/main/java/bg/tid/shared/iec104/InformationObjectData.java:[84,17] cannot find symbol
[ERROR]   symbol:   variable log
[ERROR]   location: class bg.tid.shared.iec104.InformationObjectData
[ERROR] /C:/work/Antigravity/grid-one-shared/src/main/java/bg/tid/shared/iec104/InformationObjectData.java:[86,19] cannot find symbol
[ERROR]   symbol:   method getOldValue()
[ERROR]   location: variable tag of type bg.tid.shared.iec104.InformationElementData
[ERROR] /C:/work/Antigravity/grid-one-shared/src/main/java/bg/tid/shared/iec104/InformationObjectData.java:[90,17] cannot find symbol
[ERROR]   symbol:   variable log
[ERROR]   location: class bg.tid.shared.iec104.InformationObjectData
[ERROR] /C:/work/Antigravity/grid-one-shared/src/main/java/bg/tid/shared/iec104/InformationObjectData.java:[93,43] cannot find symbol
[ERROR]   symbol:   method getScale()
[ERROR]   location: variable tag of type bg.tid.shared.iec104.InformationElementData
[ERROR] /C:/work/Antigravity/grid-one-shared/src/main/java/bg/tid/shared/iec104/InformationObjectData.java:[93,60] cannot find symbol
[ERROR]   symbol:   method getOffset()
[ERROR]   location: variable tag of type bg.tid.shared.iec104.InformationElementData
[ERROR] /C:/work/Antigravity/grid-one-shared/src/main/java/bg/tid/shared/iec104/InformationObjectData.java:[95,25] cannot find symbol
[ERROR]   symbol:   variable log
[ERROR]   location: class bg.tid.shared.iec104.InformationObjectData
[ERROR] /C:/work/Antigravity/grid-one-shared/src/main/java/bg/tid/shared/iec104/InformationObjectData.java:[96,43] cannot find symbol
[ERROR]   symbol:   method getScale()
[ERROR]   location: variable tag of type bg.tid.shared.iec104.InformationElementData
[ERROR] /C:/work/Antigravity/grid-one-shared/src/main/java/bg/tid/shared/iec104/InformationObjectData.java:[96,60] cannot find symbol
[ERROR]   symbol:   method getOffset()
[ERROR]   location: variable tag of type bg.tid.shared.iec104.InformationElementData
[ERROR] /C:/work/Antigravity/grid-one-shared/src/main/java/bg/tid/shared/iec104/InformationObjectData.java:[101,17] cannot find symbol
[ERROR]   symbol:   variable log
[ERROR]   location: class bg.tid.shared.iec104.InformationObjectData
[ERROR] /C:/work/Antigravity/grid-one-shared/src/main/java/bg/tid/shared/iec104/InformationObjectData.java:[108,44] cannot find symbol
[ERROR]   symbol:   method getValue()
[ERROR]   location: variable tag of type bg.tid.shared.iec104.InformationElementData
[ERROR] /C:/work/Antigravity/grid-one-shared/src/main/java/bg/tid/shared/iec104/InformationObjectData.java:[111,25] cannot find symbol
[ERROR]   symbol:   variable log
[ERROR]   location: class bg.tid.shared.iec104.InformationObjectData
[ERROR] /C:/work/Antigravity/grid-one-shared/src/main/java/bg/tid/shared/iec104/InformationObjectData.java:[117,17] cannot find symbol
[ERROR]   symbol:   variable log
[ERROR]   location: class bg.tid.shared.iec104.InformationObjectData
[ERROR] /C:/work/Antigravity/grid-one-shared/src/main/java/bg/tid/shared/iec104/InformationObjectData.java:[121,32] cannot find symbol
[ERROR]   symbol:   method getAvg()
[ERROR]   location: variable tag of type bg.tid.shared.iec104.InformationElementData
[ERROR] /C:/work/Antigravity/grid-one-shared/src/main/java/bg/tid/shared/iec104/InformationObjectData.java:[122,25] cannot find symbol
[ERROR]   symbol:   variable log
[ERROR]   location: class bg.tid.shared.iec104.InformationObjectData
[ERROR] /C:/work/Antigravity/grid-one-shared/src/main/java/bg/tid/shared/iec104/InformationObjectData.java:[125,46] cannot find symbol
[ERROR]   symbol:   method getAvg()
[ERROR]   location: variable tag of type bg.tid.shared.iec104.InformationElementData
[ERROR] /C:/work/Antigravity/grid-one-shared/src/main/java/bg/tid/shared/iec104/InformationObjectData.java:[131,25] cannot find symbol
[ERROR]   symbol:   variable log
[ERROR]   location: class bg.tid.shared.iec104.InformationObjectData
[ERROR] /C:/work/Antigravity/grid-one-shared/src/main/java/bg/tid/shared/iec104/InformationObjectData.java:[134,25] cannot find symbol
[ERROR]   symbol:   variable log
[ERROR]   location: class bg.tid.shared.iec104.InformationObjectData
[ERROR] /C:/work/Antigravity/grid-one-shared/src/main/java/bg/tid/shared/iec104/InformationObjectData.java:[138,25] cannot find symbol
[ERROR]   symbol:   variable log
[ERROR]   location: class bg.tid.shared.iec104.InformationObjectData
[ERROR] /C:/work/Antigravity/grid-one-shared/src/main/java/bg/tid/shared/mqtt/MqttEventDrivenCommandDto.java:[10,8] bg.tid.shared.mqtt.MqttEventDrivenCommandDto is not abstract and does not override abstract method setDeviceTopic(java.lang.String) in bg.tid.shared.mqtt.MqttCommandDto
[ERROR] /C:/work/Antigravity/grid-one-shared/src/main/java/bg/tid/shared/mqtt/MqttPeriodicCommandDto.java:[10,8] bg.tid.shared.mqtt.MqttPeriodicCommandDto is not abstract and does not override abstract method setDeviceTopic(java.lang.String) in bg.tid.shared.mqtt.MqttCommandDto
[ERROR] /C:/work/Antigravity/grid-one-shared/src/main/java/bg/tid/shared/mqtt/MqttScheduleCommandDto.java:[10,8] bg.tid.shared.mqtt.MqttScheduleCommandDto is not abstract and does not override abstract method setDeviceTopic(java.lang.String) in bg.tid.shared.mqtt.MqttCommandDto
[ERROR] /C:/work/Antigravity/grid-one-shared/src/main/java/bg/tid/shared/repl/ReplCommonPropReplicatorDto.java:[23,43] cannot find symbol
[ERROR]   symbol:   method builder()
[ERROR]   location: class bg.tid.shared.repl.ReplCommonPropReplicatorDto
[ERROR] /C:/work/Antigravity/grid-one-shared/src/main/java/bg/tid/shared/repl/ReplCountryReplicatorDto.java:[21,40] cannot find symbol
[ERROR]   symbol:   method builder()
[ERROR]   location: class bg.tid.shared.repl.ReplCountryReplicatorDto
[ERROR] /C:/work/Antigravity/grid-one-shared/src/main/java/bg/tid/shared/repl/ReplEnergyCompanyReplicatorDto.java:[42,46] cannot find symbol
[ERROR]   symbol:   method builder()
[ERROR]   location: class bg.tid.shared.repl.ReplEnergyCompanyReplicatorDto
[ERROR] /C:/work/Antigravity/grid-one-shared/src/main/java/bg/tid/shared/repl/ReplEnergyCompanyTypeReplicatorDto.java:[21,50] cannot find symbol
[ERROR]   symbol:   method builder()
[ERROR]   location: class bg.tid.shared.repl.ReplEnergyCompanyTypeReplicatorDto
[ERROR] /C:/work/Antigravity/grid-one-shared/src/main/java/bg/tid/shared/repl/ReplEnergyObjectReplicatorDto.java:[31,45] cannot find symbol
[ERROR]   symbol:   method builder()
[ERROR]   location: class bg.tid.shared.repl.ReplEnergyObjectReplicatorDto
[ERROR] /C:/work/Antigravity/grid-one-shared/src/main/java/bg/tid/shared/repl/ReplHubReplicatorDto.java:[22,36] cannot find symbol
[ERROR]   symbol:   method builder()
[ERROR]   location: class bg.tid.shared.repl.ReplHubReplicatorDto
[ERROR] /C:/work/Antigravity/grid-one-shared/src/main/java/bg/tid/shared/repl/ReplRegionReplicatorDto.java:[22,39] cannot find symbol
[ERROR]   symbol:   method builder()
[ERROR]   location: class bg.tid.shared.repl.ReplRegionReplicatorDto
[ERROR] /C:/work/Antigravity/grid-one-shared/src/main/java/bg/tid/shared/repl/ReplResourceReplicatorDto.java:[23,41] cannot find symbol
[ERROR]   symbol:   method builder()
[ERROR]   location: class bg.tid.shared.repl.ReplResourceReplicatorDto
[ERROR] /C:/work/Antigravity/grid-one-shared/src/main/java/bg/tid/shared/repl/ReplUserObjectReplicatorDto.java:[37,43] cannot find symbol
[ERROR]   symbol:   method builder()
[ERROR]   location: class bg.tid.shared.repl.ReplUserObjectReplicatorDto
[ERROR] /C:/work/Antigravity/grid-one-shared/src/main/java/bg/tid/shared/services/BatteryOptimization.java:[34,17] cannot find symbol
[ERROR]   symbol:   variable log
[ERROR]   location: class bg.tid.shared.services.BatteryOptimization
[ERROR] /C:/work/Antigravity/grid-one-shared/src/main/java/bg/tid/shared/services/BatteryOptimization.java:[44,20] cannot find symbol
[ERROR]   symbol:   method setBatteryCapacity(int)
[ERROR]   location: variable dto of type bg.tid.shared.services.ChargeDataDto
[ERROR] /C:/work/Antigravity/grid-one-shared/src/main/java/bg/tid/shared/services/BatteryOptimization.java:[45,20] cannot find symbol
[ERROR]   symbol:   method setChargingRate(double)
[ERROR]   location: variable dto of type bg.tid.shared.services.ChargeDataDto
[ERROR] /C:/work/Antigravity/grid-one-shared/src/main/java/bg/tid/shared/services/BatteryOptimization.java:[46,20] cannot find symbol
[ERROR]   symbol:   method setDischargingRate(double)
[ERROR]   location: variable dto of type bg.tid.shared.services.ChargeDataDto
[ERROR] /C:/work/Antigravity/grid-one-shared/src/main/java/bg/tid/shared/services/BatteryOptimization.java:[55,67] cannot find symbol
[ERROR]   symbol:   method getAveragePrice()
[ERROR]   location: class bg.tid.shared.services.DuringTheDayDto
[ERROR] /C:/work/Antigravity/grid-one-shared/src/main/java/bg/tid/shared/services/BatteryOptimization.java:[109,62] cannot find symbol
[ERROR]   symbol:   method setChargeDirection(int)
[ERROR]   location: variable chargeDataRow of type bg.tid.shared.services.ChargeDataRowDto
[ERROR] /C:/work/Antigravity/grid-one-shared/src/main/java/bg/tid/shared/services/BatteryOptimization.java:[115,62] cannot find symbol
[ERROR]   symbol:   method setChargeDirection(int)
[ERROR]   location: variable chargeDataRow of type bg.tid.shared.services.ChargeDataRowDto
[ERROR] /C:/work/Antigravity/grid-one-shared/src/main/java/bg/tid/shared/services/BatteryOptimization.java:[117,62] cannot find symbol
[ERROR]   symbol:   method setChargeDirection(int)
[ERROR]   location: variable chargeDataRow of type bg.tid.shared.services.ChargeDataRowDto
[ERROR] /C:/work/Antigravity/grid-one-shared/src/main/java/bg/tid/shared/services/BatteryOptimization.java:[124,54] cannot find symbol
[ERROR]   symbol:   method setTimeSlot(java.time.LocalDateTime)
[ERROR]   location: variable chargeDataRow of type bg.tid.shared.services.ChargeDataRowDto
[ERROR] /C:/work/Antigravity/grid-one-shared/src/main/java/bg/tid/shared/services/BatteryOptimization.java:[125,82] cannot find symbol
[ERROR]   symbol:   method getAveragePrice()
[ERROR]   location: class bg.tid.shared.services.DuringTheDayDto
[ERROR] /C:/work/Antigravity/grid-one-shared/src/main/java/bg/tid/shared/services/BatteryOptimization.java:[126,54] cannot find symbol
[ERROR]   symbol:   method setSum(double)
[ERROR]   location: variable chargeDataRow of type bg.tid.shared.services.ChargeDataRowDto
[ERROR] /C:/work/Antigravity/grid-one-shared/src/main/java/bg/tid/shared/services/BatteryOptimization.java:[127,54] cannot find symbol
[ERROR]   symbol:   method setChargePower(long)
[ERROR]   location: variable chargeDataRow of type bg.tid.shared.services.ChargeDataRowDto
[ERROR] /C:/work/Antigravity/grid-one-shared/src/main/java/bg/tid/shared/services/BatteryOptimization.java:[128,54] cannot find symbol
[ERROR]   symbol:   method setChargedEnergykWh(long)
[ERROR]   location: variable chargeDataRow of type bg.tid.shared.services.ChargeDataRowDto
[ERROR] /C:/work/Antigravity/grid-one-shared/src/main/java/bg/tid/shared/services/BatteryOptimization.java:[129,54] cannot find symbol
[ERROR]   symbol:   method setChargedEnergyAh(long)
[ERROR]   location: variable chargeDataRow of type bg.tid.shared.services.ChargeDataRowDto
[ERROR] /C:/work/Antigravity/grid-one-shared/src/main/java/bg/tid/shared/services/BatteryOptimization.java:[130,54] cannot find symbol
[ERROR]   symbol:   method setChargeCycleNo(int)
[ERROR]   location: variable chargeDataRow of type bg.tid.shared.services.ChargeDataRowDto
[ERROR] /C:/work/Antigravity/grid-one-shared/src/main/java/bg/tid/shared/services/BatteryOptimization.java:[135,36] cannot find symbol
[ERROR]   symbol:   method setChargeCycles(int)
[ERROR]   location: variable dto of type bg.tid.shared.services.ChargeDataDto
[ERROR] /C:/work/Antigravity/grid-one-shared/src/main/java/bg/tid/shared/services/BatteryOptimization.java:[136,36] cannot find symbol
[ERROR]   symbol:   method setFinalBatterySoc(double)
[ERROR]   location: variable dto of type bg.tid.shared.services.ChargeDataDto
[ERROR] /C:/work/Antigravity/grid-one-shared/src/main/java/bg/tid/shared/services/BatteryOptimization.java:[137,36] cannot find symbol
[ERROR]   symbol:   method setProfit(double)
[ERROR]   location: variable dto of type bg.tid.shared.services.ChargeDataDto
[ERROR] /C:/work/Antigravity/grid-one-shared/src/main/java/bg/tid/shared/services/BatteryOptimization.java:[138,36] cannot find symbol
[ERROR]   symbol:   method setChargeDataList(java.util.List<bg.tid.shared.services.ChargeDataRowDto>)
[ERROR]   location: variable dto of type bg.tid.shared.services.ChargeDataDto
[ERROR] /C:/work/Antigravity/grid-one-shared/src/main/java/bg/tid/shared/services/BatteryOptimization.java:[140,33] cannot find symbol
[ERROR]   symbol:   variable log
[ERROR]   location: class bg.tid.shared.services.BatteryOptimization
[ERROR] /C:/work/Antigravity/grid-one-shared/src/main/java/bg/tid/shared/services/BatteryOptimization.java:[145,48] cannot find symbol
[ERROR]   symbol:   method getChargeDataList()
[ERROR]   location: variable dto of type bg.tid.shared.services.ChargeDataDto
[ERROR] /C:/work/Antigravity/grid-one-shared/src/main/java/bg/tid/shared/services/BatteryOptimization.java:[150,67] cannot find symbol
[ERROR]   symbol:   method getChargeDataList()
[ERROR]   location: variable dto of type bg.tid.shared.services.ChargeDataDto
[ERROR] /C:/work/Antigravity/grid-one-shared/src/main/java/bg/tid/shared/services/BatteryOptimization.java:[161,44] cannot find symbol
[ERROR]   symbol:   method getChargeDataList()
[ERROR]   location: variable dto of type bg.tid.shared.services.ChargeDataDto
[ERROR] /C:/work/Antigravity/grid-one-shared/src/main/java/bg/tid/shared/services/BatteryOptimization.java:[163,41] cannot find symbol
[ERROR]   symbol:   variable log
[ERROR]   location: class bg.tid.shared.services.BatteryOptimization
[ERROR] /C:/work/Antigravity/grid-one-shared/src/main/java/bg/tid/shared/services/BatteryOptimization.java:[168,41] cannot find symbol
[ERROR]   symbol:   method getChargeDataList()
[ERROR]   location: variable dto of type bg.tid.shared.services.ChargeDataDto
[ERROR] /C:/work/Antigravity/grid-one-shared/src/main/java/bg/tid/shared/services/BatteryOptimization.java:[168,119] cannot find symbol
[ERROR]   symbol:   method getChargeDataList()
[ERROR]   location: variable dto of type bg.tid.shared.services.ChargeDataDto
[ERROR] /C:/work/Antigravity/grid-one-shared/src/main/java/bg/tid/shared/services/BatteryOptimization.java:[169,53] cannot find symbol
[ERROR]   symbol:   method getChargeDataList()
[ERROR]   location: variable dto of type bg.tid.shared.services.ChargeDataDto
[ERROR] /C:/work/Antigravity/grid-one-shared/src/main/java/bg/tid/shared/services/BatteryOptimization.java:[169,131] cannot find symbol
[ERROR]   symbol:   method getChargeDataList()
[ERROR]   location: variable dto of type bg.tid.shared.services.ChargeDataDto
[ERROR] /C:/work/Antigravity/grid-one-shared/src/main/java/bg/tid/shared/services/BatteryOptimization.java:[170,44] cannot find symbol
[ERROR]   symbol:   method getChargeDataList()
[ERROR]   location: variable dto of type bg.tid.shared.services.ChargeDataDto
[ERROR] /C:/work/Antigravity/grid-one-shared/src/main/java/bg/tid/shared/services/BatteryOptimization.java:[171,44] cannot find symbol
[ERROR]   symbol:   method getChargeDataList()
[ERROR]   location: variable dto of type bg.tid.shared.services.ChargeDataDto
[ERROR] /C:/work/Antigravity/grid-one-shared/src/main/java/bg/tid/shared/services/BatteryOptimization.java:[172,44] cannot find symbol
[ERROR]   symbol:   method getChargeDataList()
[ERROR]   location: variable dto of type bg.tid.shared.services.ChargeDataDto
[ERROR] /C:/work/Antigravity/grid-one-shared/src/main/java/bg/tid/shared/services/BatteryOptimization.java:[176,65] cannot find symbol
[ERROR]   symbol:   method getChargeDataList()
[ERROR]   location: variable dto of type bg.tid.shared.services.ChargeDataDto
[ERROR] /C:/work/Antigravity/grid-one-shared/src/main/java/bg/tid/shared/services/BatteryOptimization.java:[177,62] cannot find symbol
[ERROR]   symbol:   method getChargeDataList()
[ERROR]   location: variable dto of type bg.tid.shared.services.ChargeDataDto
[ERROR] /C:/work/Antigravity/grid-one-shared/src/main/java/bg/tid/shared/services/BatteryOptimization.java:[178,56] cannot find symbol
[ERROR]   symbol:   method getChargeDataList()
[ERROR]   location: variable dto of type bg.tid.shared.services.ChargeDataDto
[ERROR] /C:/work/Antigravity/grid-one-shared/src/main/java/bg/tid/shared/services/BatteryOptimization.java:[179,53] cannot find symbol
[ERROR]   symbol:   method getChargeDataList()
[ERROR]   location: variable dto of type bg.tid.shared.services.ChargeDataDto
[ERROR] /C:/work/Antigravity/grid-one-shared/src/main/java/bg/tid/shared/services/BatteryOptimization.java:[182,44] cannot find symbol
[ERROR]   symbol:   method getChargeDataList()
[ERROR]   location: variable dto of type bg.tid.shared.services.ChargeDataDto
[ERROR] /C:/work/Antigravity/grid-one-shared/src/main/java/bg/tid/shared/services/BatteryOptimization.java:[183,44] cannot find symbol
[ERROR]   symbol:   method getChargeDataList()
[ERROR]   location: variable dto of type bg.tid.shared.services.ChargeDataDto
[ERROR] /C:/work/Antigravity/grid-one-shared/src/main/java/bg/tid/shared/services/BatteryOptimization.java:[184,44] cannot find symbol
[ERROR]   symbol:   method getChargeDataList()
[ERROR]   location: variable dto of type bg.tid.shared.services.ChargeDataDto
[ERROR] /C:/work/Antigravity/grid-one-shared/src/main/java/bg/tid/shared/services/BatteryOptimization.java:[185,44] cannot find symbol
[ERROR]   symbol:   method getChargeDataList()
[ERROR]   location: variable dto of type bg.tid.shared.services.ChargeDataDto
[ERROR] /C:/work/Antigravity/grid-one-shared/src/main/java/bg/tid/shared/services/BatteryOptimization.java:[186,44] cannot find symbol
[ERROR]   symbol:   method getChargeDataList()
[ERROR]   location: variable dto of type bg.tid.shared.services.ChargeDataDto
[ERROR] /C:/work/Antigravity/grid-one-shared/src/main/java/bg/tid/shared/services/BatteryOptimization.java:[187,44] cannot find symbol
[ERROR]   symbol:   method getChargeDataList()
[ERROR]   location: variable dto of type bg.tid.shared.services.ChargeDataDto
[ERROR] /C:/work/Antigravity/grid-one-shared/src/main/java/bg/tid/shared/services/BatteryOptimization.java:[193,25] cannot find symbol
[ERROR]   symbol:   variable log
[ERROR]   location: class bg.tid.shared.services.BatteryOptimization
[ERROR] -> [Help 1]
[ERROR] 
[ERROR] To see the full stack trace of the errors, re-run Maven with the -e switch.
[ERROR] Re-run Maven using the -X switch to enable full debug logging.
[ERROR] 
[ERROR] For more information about the errors and possible solutions, please read the following articles:
[ERROR] [Help 1] http://cwiki.apache.org/confluence/display/MAVEN/MojoFailureException
